22:57:11 **** Incremental Build of configuration Debug for project SM_FT_VCS ****
make -j12 all 
arm-none-eabi-gcc "../Core/Src/main.c" -mcpu=cortex-m7 -std=gnu11 -g3 -DDEBUG -DUSE_HAL_DRIVER -DSTM32F746xx -c -I../Core/Inc -I../Drivers/STM32F7xx_HAL_Driver/Inc -I../Drivers/STM32F7xx_HAL_Driver/Inc/Legacy -I../Drivers/CMSIS/Device/ST/STM32F7xx/Include -I../Drivers/CMSIS/Include -I../Middlewares/Third_Party/ARM_CMSIS/CMSIS/Core/Include/ -I../Middlewares/Third_Party/ARM_CMSIS/CMSIS/Core_A/Include/ -I../Middlewares/Third_Party/ARM_CMSIS/CMSIS/DSP/Include -O0 -ffunction-sections -fdata-sections -Wall -fstack-usage -MMD -MP -MF"Core/Src/main.d" -MT"Core/Src/main.o" --specs=nano.specs -mfpu=fpv5-sp-d16 -mfloat-abi=hard -mthumb -o "Core/Src/main.o"
../Core/Src/main.c: In function 'main':
../Core/Src/main.c:144:4: warning: implicit declaration of function 'HCSRO4_Read' [-Wimplicit-function-declaration]
  144 |    HCSRO4_Read(&htim8);
      |    ^~~~~~~~~~~
../Core/Src/main.c:219:11: warning: unused variable 'kkk' [-Wunused-variable]
  219 | float32_t kkk = (float32_t)Kp;
      |           ^~~
../Core/Src/main.c:215:30: warning: 'Kp was set to: ' directive writing 15 bytes into a region of size 0 [-Wformat-overflow=]
  215 |        int n = sprintf(msg, "Kp was set to: %d\r\nKi was set to: %d\r\n", Kp, Ki);
      |                              ^~~~~~~~~~~~~~~
../Core/Src/main.c:215:16: note: 'sprintf' output between 37 and 57 bytes into a destination of size 0
  215 |        int n = sprintf(msg, "Kp was set to: %d\r\nKi was set to: %d\r\n", Kp, Ki);
      |                ^~~~~~~~~~~~~~~~~~~~~~~~~~~~~~~~~~~~~~~~~~~~~~~~~~~~~~~~~~~~~~~~~~
arm-none-eabi-gcc -o "SM_FT_VCS.elf" @"objects.list"  -larm_cortexM7lfsp_math -mcpu=cortex-m7 -T"C:\Users\Nihal\Documents\GitHub\MCU-based-Control-and-Measurement-System\STM32CubeIDE\NUCLEO-F746ZG\SM_FT_VCS\STM32F746ZGTX_FLASH.ld" --specs=nosys.specs -Wl,-Map="SM_FT_VCS.map" -Wl,--gc-sections -static -L"C:\Users\Nihal\STM32Cube\Repository\Packs\ARM\CMSIS\5.7.0\CMSIS\DSP\Lib\GCC" --specs=nano.specs -mfpu=fpv5-sp-d16 -mfloat-abi=hard -mthumb -u _printf_float -u _scanf_float -Wl,--start-group -lc -lm -Wl,--end-group
Finished building target: SM_FT_VCS.elf
 
arm-none-eabi-size   SM_FT_VCS.elf 
arm-none-eabi-objdump -h -S  SM_FT_VCS.elf  > "SM_FT_VCS.list"
arm-none-eabi-objcopy  -O binary  SM_FT_VCS.elf  "SM_FT_VCS.bin"
   text	   data	    bss	    dec	    hex	filename
  56884	    576	   2360	  59820	   e9ac	SM_FT_VCS.elf
Finished building: default.size.stdout
 
Finished building: SM_FT_VCS.bin
 
Finished building: SM_FT_VCS.list
 
22:57:35 **** Incremental Build of configuration Debug for project SM_FT_VCS ****
make -j12 all 
arm-none-eabi-size   SM_FT_VCS.elf 
   text	   data	    bss	    dec	    hex	filename
  56884	    576	   2360	  59820	   e9ac	SM_FT_VCS.elf
Finished building: default.size.stdout
 
23:00:04 **** Incremental Build of configuration Debug for project SM_FT_VCS ****
make -j12 all 
arm-none-eabi-gcc "../Core/Src/main.c" -mcpu=cortex-m7 -std=gnu11 -g3 -DDEBUG -DUSE_HAL_DRIVER -DSTM32F746xx -c -I../Core/Inc -I../Drivers/STM32F7xx_HAL_Driver/Inc -I../Drivers/STM32F7xx_HAL_Driver/Inc/Legacy -I../Drivers/CMSIS/Device/ST/STM32F7xx/Include -I../Drivers/CMSIS/Include -I../Middlewares/Third_Party/ARM_CMSIS/CMSIS/Core/Include/ -I../Middlewares/Third_Party/ARM_CMSIS/CMSIS/Core_A/Include/ -I../Middlewares/Third_Party/ARM_CMSIS/CMSIS/DSP/Include -O0 -ffunction-sections -fdata-sections -Wall -fstack-usage -MMD -MP -MF"Core/Src/main.d" -MT"Core/Src/main.o" --specs=nano.specs -mfpu=fpv5-sp-d16 -mfloat-abi=hard -mthumb -o "Core/Src/main.o"
../Core/Src/main.c: In function 'main':
../Core/Src/main.c:145:4: warning: implicit declaration of function 'HCSRO4_Read' [-Wimplicit-function-declaration]
  145 |    HCSRO4_Read(&htim8);
      |    ^~~~~~~~~~~
../Core/Src/main.c:220:11: warning: unused variable 'kkp' [-Wunused-variable]
  220 | float32_t kkp = (float32_t)Kp;
      |           ^~~
../Core/Src/main.c:216:30: warning: 'Kp was set to: ' directive writing 15 bytes into a region of size 0 [-Wformat-overflow=]
  216 |        int n = sprintf(msg, "Kp was set to: %d\r\nKi was set to: %d\r\n", Kp, Ki);
      |                              ^~~~~~~~~~~~~~~
../Core/Src/main.c:216:16: note: 'sprintf' output between 37 and 57 bytes into a destination of size 0
  216 |        int n = sprintf(msg, "Kp was set to: %d\r\nKi was set to: %d\r\n", Kp, Ki);
      |                ^~~~~~~~~~~~~~~~~~~~~~~~~~~~~~~~~~~~~~~~~~~~~~~~~~~~~~~~~~~~~~~~~~
arm-none-eabi-gcc -o "SM_FT_VCS.elf" @"objects.list"  -larm_cortexM7lfsp_math -mcpu=cortex-m7 -T"C:\Users\Nihal\Documents\GitHub\MCU-based-Control-and-Measurement-System\STM32CubeIDE\NUCLEO-F746ZG\SM_FT_VCS\STM32F746ZGTX_FLASH.ld" --specs=nosys.specs -Wl,-Map="SM_FT_VCS.map" -Wl,--gc-sections -static -L"C:\Users\Nihal\STM32Cube\Repository\Packs\ARM\CMSIS\5.7.0\CMSIS\DSP\Lib\GCC" --specs=nano.specs -mfpu=fpv5-sp-d16 -mfloat-abi=hard -mthumb -u _printf_float -u _scanf_float -Wl,--start-group -lc -lm -Wl,--end-group
Finished building target: SM_FT_VCS.elf
 
arm-none-eabi-size   SM_FT_VCS.elf 
arm-none-eabi-objdump -h -S  SM_FT_VCS.elf  > "SM_FT_VCS.list"
arm-none-eabi-objcopy  -O binary  SM_FT_VCS.elf  "SM_FT_VCS.bin"
   text	   data	    bss	    dec	    hex	filename
  56884	    576	   2360	  59820	   e9ac	SM_FT_VCS.elf
Finished building: default.size.stdout
 
Finished building: SM_FT_VCS.bin
 
Finished building: SM_FT_VCS.list
 
23:00:21 **** Incremental Build of configuration Debug for project SM_FT_VCS ****
make -j12 all 
arm-none-eabi-gcc "../Core/Src/main.c" -mcpu=cortex-m7 -std=gnu11 -g3 -DDEBUG -DUSE_HAL_DRIVER -DSTM32F746xx -c -I../Core/Inc -I../Drivers/STM32F7xx_HAL_Driver/Inc -I../Drivers/STM32F7xx_HAL_Driver/Inc/Legacy -I../Drivers/CMSIS/Device/ST/STM32F7xx/Include -I../Drivers/CMSIS/Include -I../Middlewares/Third_Party/ARM_CMSIS/CMSIS/Core/Include/ -I../Middlewares/Third_Party/ARM_CMSIS/CMSIS/Core_A/Include/ -I../Middlewares/Third_Party/ARM_CMSIS/CMSIS/DSP/Include -O0 -ffunction-sections -fdata-sections -Wall -fstack-usage -MMD -MP -MF"Core/Src/main.d" -MT"Core/Src/main.o" --specs=nano.specs -mfpu=fpv5-sp-d16 -mfloat-abi=hard -mthumb -o "Core/Src/main.o"
../Core/Src/main.c: In function 'main':
../Core/Src/main.c:145:4: warning: implicit declaration of function 'HCSRO4_Read' [-Wimplicit-function-declaration]
  145 |    HCSRO4_Read(&htim8);
      |    ^~~~~~~~~~~
../Core/Src/main.c:216:30: warning: 'Kp was set to: ' directive writing 15 bytes into a region of size 0 [-Wformat-overflow=]
  216 |        int n = sprintf(msg, "Kp was set to: %d\r\nKi was set to: %d\r\n", Kp, Ki);
      |                              ^~~~~~~~~~~~~~~
../Core/Src/main.c:216:16: note: 'sprintf' output between 37 and 57 bytes into a destination of size 0
  216 |        int n = sprintf(msg, "Kp was set to: %d\r\nKi was set to: %d\r\n", Kp, Ki);
      |                ^~~~~~~~~~~~~~~~~~~~~~~~~~~~~~~~~~~~~~~~~~~~~~~~~~~~~~~~~~~~~~~~~~
arm-none-eabi-gcc -o "SM_FT_VCS.elf" @"objects.list"  -larm_cortexM7lfsp_math -mcpu=cortex-m7 -T"C:\Users\Nihal\Documents\GitHub\MCU-based-Control-and-Measurement-System\STM32CubeIDE\NUCLEO-F746ZG\SM_FT_VCS\STM32F746ZGTX_FLASH.ld" --specs=nosys.specs -Wl,-Map="SM_FT_VCS.map" -Wl,--gc-sections -static -L"C:\Users\Nihal\STM32Cube\Repository\Packs\ARM\CMSIS\5.7.0\CMSIS\DSP\Lib\GCC" --specs=nano.specs -mfpu=fpv5-sp-d16 -mfloat-abi=hard -mthumb -u _printf_float -u _scanf_float -Wl,--start-group -lc -lm -Wl,--end-group
Finished building target: SM_FT_VCS.elf
 
arm-none-eabi-size   SM_FT_VCS.elf 
arm-none-eabi-objdump -h -S  SM_FT_VCS.elf  > "SM_FT_VCS.list"
arm-none-eabi-objcopy  -O binary  SM_FT_VCS.elf  "SM_FT_VCS.bin"
   text	   data	    bss	    dec	    hex	filename
  56884	    576	   2360	  59820	   e9ac	SM_FT_VCS.elf
Finished building: default.size.stdout
 
Finished building: SM_FT_VCS.bin
 
Finished building: SM_FT_VCS.list
 
23:00:27 **** Incremental Build of configuration Debug for project SM_FT_VCS ****
make -j12 all 
arm-none-eabi-size   SM_FT_VCS.elf 
   text	   data	    bss	    dec	    hex	filename
  56884	    576	   2360	  59820	   e9ac	SM_FT_VCS.elf
Finished building: default.size.stdout
 
23:13:37 **** Incremental Build of configuration Debug for project SM_FT_VCS ****
make -j12 all 
arm-none-eabi-gcc "../Core/Src/main.c" -mcpu=cortex-m7 -std=gnu11 -g3 -DDEBUG -DUSE_HAL_DRIVER -DSTM32F746xx -c -I../Core/Inc -I../Drivers/STM32F7xx_HAL_Driver/Inc -I../Drivers/STM32F7xx_HAL_Driver/Inc/Legacy -I../Drivers/CMSIS/Device/ST/STM32F7xx/Include -I../Drivers/CMSIS/Include -I../Middlewares/Third_Party/ARM_CMSIS/CMSIS/Core/Include/ -I../Middlewares/Third_Party/ARM_CMSIS/CMSIS/Core_A/Include/ -I../Middlewares/Third_Party/ARM_CMSIS/CMSIS/DSP/Include -O0 -ffunction-sections -fdata-sections -Wall -fstack-usage -MMD -MP -MF"Core/Src/main.d" -MT"Core/Src/main.o" --specs=nano.specs -mfpu=fpv5-sp-d16 -mfloat-abi=hard -mthumb -o "Core/Src/main.o"
../Core/Src/main.c:77:36: error: initializer element is not constant
   77 | arm_pid_instance_f32 pid = {. Kp = kkp , . Kd = 0 , . Ki = kki}; // pid control CMSIS
      |                                    ^~~
../Core/Src/main.c:77:36: note: (near initialization for 'pid.Kp')
../Core/Src/main.c:77:60: error: initializer element is not constant
   77 | arm_pid_instance_f32 pid = {. Kp = kkp , . Kd = 0 , . Ki = kki}; // pid control CMSIS
      |                                                            ^~~
../Core/Src/main.c:77:60: note: (near initialization for 'pid.Ki')
../Core/Src/main.c: In function 'main':
../Core/Src/main.c:149:4: warning: implicit declaration of function 'HCSRO4_Read' [-Wimplicit-function-declaration]
  149 |    HCSRO4_Read(&htim8);
      |    ^~~~~~~~~~~
../Core/Src/main.c:209:30: warning: 'Kp was set to: ' directive writing 15 bytes into a region of size 0 [-Wformat-overflow=]
  209 |        int n = sprintf(msg, "Kp was set to: %d\r\nKi was set to: %d\r\n", Kp, Ki);
      |                              ^~~~~~~~~~~~~~~
../Core/Src/main.c:209:16: note: 'sprintf' output between 37 and 57 bytes into a destination of size 0
  209 |        int n = sprintf(msg, "Kp was set to: %d\r\nKi was set to: %d\r\n", Kp, Ki);
      |                ^~~~~~~~~~~~~~~~~~~~~~~~~~~~~~~~~~~~~~~~~~~~~~~~~~~~~~~~~~~~~~~~~~
make: *** [Core/Src/subdir.mk:64: Core/Src/main.o] Error 1
"make -j12 all" terminated with exit code 2. Build might be incomplete.
23:14:20 **** Incremental Build of configuration Debug for project SM_FT_VCS ****
make -j12 all 
arm-none-eabi-gcc "../Core/Src/main.c" -mcpu=cortex-m7 -std=gnu11 -g3 -DDEBUG -DUSE_HAL_DRIVER -DSTM32F746xx -c -I../Core/Inc -I../Drivers/STM32F7xx_HAL_Driver/Inc -I../Drivers/STM32F7xx_HAL_Driver/Inc/Legacy -I../Drivers/CMSIS/Device/ST/STM32F7xx/Include -I../Drivers/CMSIS/Include -I../Middlewares/Third_Party/ARM_CMSIS/CMSIS/Core/Include/ -I../Middlewares/Third_Party/ARM_CMSIS/CMSIS/Core_A/Include/ -I../Middlewares/Third_Party/ARM_CMSIS/CMSIS/DSP/Include -O0 -ffunction-sections -fdata-sections -Wall -fstack-usage -MMD -MP -MF"Core/Src/main.d" -MT"Core/Src/main.o" --specs=nano.specs -mfpu=fpv5-sp-d16 -mfloat-abi=hard -mthumb -o "Core/Src/main.o"
../Core/Src/main.c: In function 'main':
../Core/Src/main.c:150:4: warning: implicit declaration of function 'HCSRO4_Read' [-Wimplicit-function-declaration]
  150 |    HCSRO4_Read(&htim8);
      |    ^~~~~~~~~~~
../Core/Src/main.c:210:30: warning: 'Kp was set to: ' directive writing 15 bytes into a region of size 0 [-Wformat-overflow=]
  210 |        int n = sprintf(msg, "Kp was set to: %d\r\nKi was set to: %d\r\n", Kp, Ki);
      |                              ^~~~~~~~~~~~~~~
../Core/Src/main.c:210:16: note: 'sprintf' output between 37 and 57 bytes into a destination of size 0
  210 |        int n = sprintf(msg, "Kp was set to: %d\r\nKi was set to: %d\r\n", Kp, Ki);
      |                ^~~~~~~~~~~~~~~~~~~~~~~~~~~~~~~~~~~~~~~~~~~~~~~~~~~~~~~~~~~~~~~~~~
arm-none-eabi-gcc -o "SM_FT_VCS.elf" @"objects.list"  -larm_cortexM7lfsp_math -mcpu=cortex-m7 -T"C:\Users\Nihal\Documents\GitHub\MCU-based-Control-and-Measurement-System\STM32CubeIDE\NUCLEO-F746ZG\SM_FT_VCS\STM32F746ZGTX_FLASH.ld" --specs=nosys.specs -Wl,-Map="SM_FT_VCS.map" -Wl,--gc-sections -static -L"C:\Users\Nihal\STM32Cube\Repository\Packs\ARM\CMSIS\5.7.0\CMSIS\DSP\Lib\GCC" --specs=nano.specs -mfpu=fpv5-sp-d16 -mfloat-abi=hard -mthumb -u _printf_float -u _scanf_float -Wl,--start-group -lc -lm -Wl,--end-group
Finished building target: SM_FT_VCS.elf
 
arm-none-eabi-size   SM_FT_VCS.elf 
arm-none-eabi-objdump -h -S  SM_FT_VCS.elf  > "SM_FT_VCS.list"
arm-none-eabi-objcopy  -O binary  SM_FT_VCS.elf  "SM_FT_VCS.bin"
   text	   data	    bss	    dec	    hex	filename
  56804	    584	   2360	  59748	   e964	SM_FT_VCS.elf
Finished building: default.size.stdout
 
Finished building: SM_FT_VCS.bin
 
Finished building: SM_FT_VCS.list
 
23:14:54 **** Incremental Build of configuration Debug for project SM_FT_VCS ****
make -j12 all 
arm-none-eabi-size   SM_FT_VCS.elf 
   text	   data	    bss	    dec	    hex	filename
  56804	    584	   2360	  59748	   e964	SM_FT_VCS.elf
Finished building: default.size.stdout
 
23:15:57 **** Incremental Build of configuration Debug for project SM_FT_VCS ****
make -j12 all 
arm-none-eabi-size   SM_FT_VCS.elf 
   text	   data	    bss	    dec	    hex	filename
  56804	    584	   2360	  59748	   e964	SM_FT_VCS.elf
Finished building: default.size.stdout
 
23:17:09 **** Incremental Build of configuration Debug for project SM_FT_VCS ****
make -j12 all 
arm-none-eabi-gcc "../Core/Src/main.c" -mcpu=cortex-m7 -std=gnu11 -g3 -DDEBUG -DUSE_HAL_DRIVER -DSTM32F746xx -c -I../Core/Inc -I../Drivers/STM32F7xx_HAL_Driver/Inc -I../Drivers/STM32F7xx_HAL_Driver/Inc/Legacy -I../Drivers/CMSIS/Device/ST/STM32F7xx/Include -I../Drivers/CMSIS/Include -I../Middlewares/Third_Party/ARM_CMSIS/CMSIS/Core/Include/ -I../Middlewares/Third_Party/ARM_CMSIS/CMSIS/Core_A/Include/ -I../Middlewares/Third_Party/ARM_CMSIS/CMSIS/DSP/Include -O0 -ffunction-sections -fdata-sections -Wall -fstack-usage -MMD -MP -MF"Core/Src/main.d" -MT"Core/Src/main.o" --specs=nano.specs -mfpu=fpv5-sp-d16 -mfloat-abi=hard -mthumb -o "Core/Src/main.o"
../Core/Src/main.c: In function 'main':
../Core/Src/main.c:150:4: warning: implicit declaration of function 'HCSRO4_Read' [-Wimplicit-function-declaration]
  150 |    HCSRO4_Read(&htim8);
      |    ^~~~~~~~~~~
../Core/Src/main.c:210:30: warning: 'Kp was set to: ' directive writing 15 bytes into a region of size 0 [-Wformat-overflow=]
  210 |        int n = sprintf(msg, "Kp was set to: %d\r\nKi was set to: %d\r\n", Kp, Ki);
      |                              ^~~~~~~~~~~~~~~
../Core/Src/main.c:210:16: note: 'sprintf' output between 37 and 57 bytes into a destination of size 0
  210 |        int n = sprintf(msg, "Kp was set to: %d\r\nKi was set to: %d\r\n", Kp, Ki);
      |                ^~~~~~~~~~~~~~~~~~~~~~~~~~~~~~~~~~~~~~~~~~~~~~~~~~~~~~~~~~~~~~~~~~
arm-none-eabi-gcc -o "SM_FT_VCS.elf" @"objects.list"  -larm_cortexM7lfsp_math -mcpu=cortex-m7 -T"C:\Users\Nihal\Documents\GitHub\MCU-based-Control-and-Measurement-System\STM32CubeIDE\NUCLEO-F746ZG\SM_FT_VCS\STM32F746ZGTX_FLASH.ld" --specs=nosys.specs -Wl,-Map="SM_FT_VCS.map" -Wl,--gc-sections -static -L"C:\Users\Nihal\STM32Cube\Repository\Packs\ARM\CMSIS\5.7.0\CMSIS\DSP\Lib\GCC" --specs=nano.specs -mfpu=fpv5-sp-d16 -mfloat-abi=hard -mthumb -u _printf_float -u _scanf_float -Wl,--start-group -lc -lm -Wl,--end-group
Finished building target: SM_FT_VCS.elf
 
arm-none-eabi-size   SM_FT_VCS.elf 
arm-none-eabi-objdump -h -S  SM_FT_VCS.elf  > "SM_FT_VCS.list"
arm-none-eabi-objcopy  -O binary  SM_FT_VCS.elf  "SM_FT_VCS.bin"
   text	   data	    bss	    dec	    hex	filename
  56812	    584	   2360	  59756	   e96c	SM_FT_VCS.elf
Finished building: default.size.stdout
 
Finished building: SM_FT_VCS.bin
 
Finished building: SM_FT_VCS.list
 
23:17:16 **** Incremental Build of configuration Debug for project SM_FT_VCS ****
make -j12 all 
arm-none-eabi-size   SM_FT_VCS.elf 
   text	   data	    bss	    dec	    hex	filename
  56812	    584	   2360	  59756	   e96c	SM_FT_VCS.elf
Finished building: default.size.stdout
 
23:19:45 **** Incremental Build of configuration Debug for project SM_FT_VCS ****
make -j12 all 
arm-none-eabi-gcc "../Core/Src/main.c" -mcpu=cortex-m7 -std=gnu11 -g3 -DDEBUG -DUSE_HAL_DRIVER -DSTM32F746xx -c -I../Core/Inc -I../Drivers/STM32F7xx_HAL_Driver/Inc -I../Drivers/STM32F7xx_HAL_Driver/Inc/Legacy -I../Drivers/CMSIS/Device/ST/STM32F7xx/Include -I../Drivers/CMSIS/Include -I../Middlewares/Third_Party/ARM_CMSIS/CMSIS/Core/Include/ -I../Middlewares/Third_Party/ARM_CMSIS/CMSIS/Core_A/Include/ -I../Middlewares/Third_Party/ARM_CMSIS/CMSIS/DSP/Include -O0 -ffunction-sections -fdata-sections -Wall -fstack-usage -MMD -MP -MF"Core/Src/main.d" -MT"Core/Src/main.o" --specs=nano.specs -mfpu=fpv5-sp-d16 -mfloat-abi=hard -mthumb -o "Core/Src/main.o"
../Core/Src/main.c: In function 'main':
../Core/Src/main.c:150:4: warning: implicit declaration of function 'HCSRO4_Read' [-Wimplicit-function-declaration]
  150 |    HCSRO4_Read(&htim8);
      |    ^~~~~~~~~~~
../Core/Src/main.c:210:30: warning: 'Kp was set to: ' directive writing 15 bytes into a region of size 0 [-Wformat-overflow=]
  210 |        int n = sprintf(msg, "Kp was set to: %d\r\nKi was set to: %d\r\n", Kp, Ki);
      |                              ^~~~~~~~~~~~~~~
../Core/Src/main.c:210:16: note: 'sprintf' output between 37 and 57 bytes into a destination of size 0
  210 |        int n = sprintf(msg, "Kp was set to: %d\r\nKi was set to: %d\r\n", Kp, Ki);
      |                ^~~~~~~~~~~~~~~~~~~~~~~~~~~~~~~~~~~~~~~~~~~~~~~~~~~~~~~~~~~~~~~~~~
arm-none-eabi-gcc -o "SM_FT_VCS.elf" @"objects.list"  -larm_cortexM7lfsp_math -mcpu=cortex-m7 -T"C:\Users\Nihal\Documents\GitHub\MCU-based-Control-and-Measurement-System\STM32CubeIDE\NUCLEO-F746ZG\SM_FT_VCS\STM32F746ZGTX_FLASH.ld" --specs=nosys.specs -Wl,-Map="SM_FT_VCS.map" -Wl,--gc-sections -static -L"C:\Users\Nihal\STM32Cube\Repository\Packs\ARM\CMSIS\5.7.0\CMSIS\DSP\Lib\GCC" --specs=nano.specs -mfpu=fpv5-sp-d16 -mfloat-abi=hard -mthumb -u _printf_float -u _scanf_float -Wl,--start-group -lc -lm -Wl,--end-group
Finished building target: SM_FT_VCS.elf
 
arm-none-eabi-size   SM_FT_VCS.elf 
arm-none-eabi-objdump -h -S  SM_FT_VCS.elf  > "SM_FT_VCS.list"
arm-none-eabi-objcopy  -O binary  SM_FT_VCS.elf  "SM_FT_VCS.bin"
   text	   data	    bss	    dec	    hex	filename
  56812	    584	   2360	  59756	   e96c	SM_FT_VCS.elf
Finished building: default.size.stdout
 
Finished building: SM_FT_VCS.bin
 
Finished building: SM_FT_VCS.list
 
23:20:03 **** Incremental Build of configuration Debug for project SM_FT_VCS ****
make -j12 all 
arm-none-eabi-size   SM_FT_VCS.elf 
   text	   data	    bss	    dec	    hex	filename
  56812	    584	   2360	  59756	   e96c	SM_FT_VCS.elf
Finished building: default.size.stdout
 
23:20:59 **** Incremental Build of configuration Debug for project SM_FT_VCS ****
make -j12 all 
arm-none-eabi-gcc "../Core/Src/main.c" -mcpu=cortex-m7 -std=gnu11 -g3 -DDEBUG -DUSE_HAL_DRIVER -DSTM32F746xx -c -I../Core/Inc -I../Drivers/STM32F7xx_HAL_Driver/Inc -I../Drivers/STM32F7xx_HAL_Driver/Inc/Legacy -I../Drivers/CMSIS/Device/ST/STM32F7xx/Include -I../Drivers/CMSIS/Include -I../Middlewares/Third_Party/ARM_CMSIS/CMSIS/Core/Include/ -I../Middlewares/Third_Party/ARM_CMSIS/CMSIS/Core_A/Include/ -I../Middlewares/Third_Party/ARM_CMSIS/CMSIS/DSP/Include -O0 -ffunction-sections -fdata-sections -Wall -fstack-usage -MMD -MP -MF"Core/Src/main.d" -MT"Core/Src/main.o" --specs=nano.specs -mfpu=fpv5-sp-d16 -mfloat-abi=hard -mthumb -o "Core/Src/main.o"
../Core/Src/main.c: In function 'main':
../Core/Src/main.c:150:4: warning: implicit declaration of function 'HCSRO4_Read' [-Wimplicit-function-declaration]
  150 |    HCSRO4_Read(&htim8);
      |    ^~~~~~~~~~~
../Core/Src/main.c:210:30: warning: 'Kp was set to: ' directive writing 15 bytes into a region of size 0 [-Wformat-overflow=]
  210 |        int n = sprintf(msg, "Kp was set to: %d\r\nKi was set to: %d\r\n", Kp, Ki);
      |                              ^~~~~~~~~~~~~~~
../Core/Src/main.c:210:16: note: 'sprintf' output between 37 and 57 bytes into a destination of size 0
  210 |        int n = sprintf(msg, "Kp was set to: %d\r\nKi was set to: %d\r\n", Kp, Ki);
      |                ^~~~~~~~~~~~~~~~~~~~~~~~~~~~~~~~~~~~~~~~~~~~~~~~~~~~~~~~~~~~~~~~~~
arm-none-eabi-gcc -o "SM_FT_VCS.elf" @"objects.list"  -larm_cortexM7lfsp_math -mcpu=cortex-m7 -T"C:\Users\Nihal\Documents\GitHub\MCU-based-Control-and-Measurement-System\STM32CubeIDE\NUCLEO-F746ZG\SM_FT_VCS\STM32F746ZGTX_FLASH.ld" --specs=nosys.specs -Wl,-Map="SM_FT_VCS.map" -Wl,--gc-sections -static -L"C:\Users\Nihal\STM32Cube\Repository\Packs\ARM\CMSIS\5.7.0\CMSIS\DSP\Lib\GCC" --specs=nano.specs -mfpu=fpv5-sp-d16 -mfloat-abi=hard -mthumb -u _printf_float -u _scanf_float -Wl,--start-group -lc -lm -Wl,--end-group
Finished building target: SM_FT_VCS.elf
 
arm-none-eabi-size   SM_FT_VCS.elf 
arm-none-eabi-objdump -h -S  SM_FT_VCS.elf  > "SM_FT_VCS.list"
arm-none-eabi-objcopy  -O binary  SM_FT_VCS.elf  "SM_FT_VCS.bin"
   text	   data	    bss	    dec	    hex	filename
  56820	    584	   2368	  59772	   e97c	SM_FT_VCS.elf
Finished building: default.size.stdout
 
Finished building: SM_FT_VCS.bin
 
Finished building: SM_FT_VCS.list
 
23:21:06 **** Incremental Build of configuration Debug for project SM_FT_VCS ****
make -j12 all 
arm-none-eabi-size   SM_FT_VCS.elf 
   text	   data	    bss	    dec	    hex	filename
  56820	    584	   2368	  59772	   e97c	SM_FT_VCS.elf
Finished building: default.size.stdout
 
23:23:48 **** Incremental Build of configuration Debug for project SM_FT_VCS ****
make -j12 all 
arm-none-eabi-gcc "../Core/Src/main.c" -mcpu=cortex-m7 -std=gnu11 -g3 -DDEBUG -DUSE_HAL_DRIVER -DSTM32F746xx -c -I../Core/Inc -I../Drivers/STM32F7xx_HAL_Driver/Inc -I../Drivers/STM32F7xx_HAL_Driver/Inc/Legacy -I../Drivers/CMSIS/Device/ST/STM32F7xx/Include -I../Drivers/CMSIS/Include -I../Middlewares/Third_Party/ARM_CMSIS/CMSIS/Core/Include/ -I../Middlewares/Third_Party/ARM_CMSIS/CMSIS/Core_A/Include/ -I../Middlewares/Third_Party/ARM_CMSIS/CMSIS/DSP/Include -O0 -ffunction-sections -fdata-sections -Wall -fstack-usage -MMD -MP -MF"Core/Src/main.d" -MT"Core/Src/main.o" --specs=nano.specs -mfpu=fpv5-sp-d16 -mfloat-abi=hard -mthumb -o "Core/Src/main.o"
../Core/Src/main.c: In function 'main':
../Core/Src/main.c:150:4: warning: implicit declaration of function 'HCSRO4_Read' [-Wimplicit-function-declaration]
  150 |    HCSRO4_Read(&htim8);
      |    ^~~~~~~~~~~
../Core/Src/main.c:104:23: warning: unused variable 'pid' [-Wunused-variable]
  104 |  arm_pid_instance_f32 pid = {. Kp = kkp , . Kd = 0 , . Ki = kki}; // pid control CMSIS
      |                       ^~~
../Core/Src/main.c:210:30: warning: 'Kp was set to: ' directive writing 15 bytes into a region of size 0 [-Wformat-overflow=]
  210 |        int n = sprintf(msg, "Kp was set to: %d\r\nKi was set to: %d\r\n", Kp, Ki);
      |                              ^~~~~~~~~~~~~~~
../Core/Src/main.c:210:16: note: 'sprintf' output between 37 and 57 bytes into a destination of size 0
  210 |        int n = sprintf(msg, "Kp was set to: %d\r\nKi was set to: %d\r\n", Kp, Ki);
      |                ^~~~~~~~~~~~~~~~~~~~~~~~~~~~~~~~~~~~~~~~~~~~~~~~~~~~~~~~~~~~~~~~~~
arm-none-eabi-gcc -o "SM_FT_VCS.elf" @"objects.list"  -larm_cortexM7lfsp_math -mcpu=cortex-m7 -T"C:\Users\Nihal\Documents\GitHub\MCU-based-Control-and-Measurement-System\STM32CubeIDE\NUCLEO-F746ZG\SM_FT_VCS\STM32F746ZGTX_FLASH.ld" --specs=nosys.specs -Wl,-Map="SM_FT_VCS.map" -Wl,--gc-sections -static -L"C:\Users\Nihal\STM32Cube\Repository\Packs\ARM\CMSIS\5.7.0\CMSIS\DSP\Lib\GCC" --specs=nano.specs -mfpu=fpv5-sp-d16 -mfloat-abi=hard -mthumb -u _printf_float -u _scanf_float -Wl,--start-group -lc -lm -Wl,--end-group
Finished building target: SM_FT_VCS.elf
 
arm-none-eabi-size   SM_FT_VCS.elf 
arm-none-eabi-objdump -h -S  SM_FT_VCS.elf  > "SM_FT_VCS.list"
arm-none-eabi-objcopy  -O binary  SM_FT_VCS.elf  "SM_FT_VCS.bin"
   text	   data	    bss	    dec	    hex	filename
  56636	    580	   2356	  59572	   e8b4	SM_FT_VCS.elf
Finished building: default.size.stdout
 
Finished building: SM_FT_VCS.bin
 
Finished building: SM_FT_VCS.list
 
23:23:58 **** Incremental Build of configuration Debug for project SM_FT_VCS ****
make -j12 all 
arm-none-eabi-size   SM_FT_VCS.elf 
   text	   data	    bss	    dec	    hex	filename
  56636	    580	   2356	  59572	   e8b4	SM_FT_VCS.elf
Finished building: default.size.stdout
 
23:25:19 **** Incremental Build of configuration Debug for project SM_FT_VCS ****
make -j12 all 
arm-none-eabi-gcc "../Core/Src/main.c" -mcpu=cortex-m7 -std=gnu11 -g3 -DDEBUG -DUSE_HAL_DRIVER -DSTM32F746xx -c -I../Core/Inc -I../Drivers/STM32F7xx_HAL_Driver/Inc -I../Drivers/STM32F7xx_HAL_Driver/Inc/Legacy -I../Drivers/CMSIS/Device/ST/STM32F7xx/Include -I../Drivers/CMSIS/Include -I../Middlewares/Third_Party/ARM_CMSIS/CMSIS/Core/Include/ -I../Middlewares/Third_Party/ARM_CMSIS/CMSIS/Core_A/Include/ -I../Middlewares/Third_Party/ARM_CMSIS/CMSIS/DSP/Include -O0 -ffunction-sections -fdata-sections -Wall -fstack-usage -MMD -MP -MF"Core/Src/main.d" -MT"Core/Src/main.o" --specs=nano.specs -mfpu=fpv5-sp-d16 -mfloat-abi=hard -mthumb -o "Core/Src/main.o"
../Core/Src/main.c: In function 'main':
../Core/Src/main.c:151:4: warning: implicit declaration of function 'HCSRO4_Read' [-Wimplicit-function-declaration]
  151 |    HCSRO4_Read(&htim8);
      |    ^~~~~~~~~~~
../Core/Src/main.c:211:30: warning: 'Kp was set to: ' directive writing 15 bytes into a region of size 0 [-Wformat-overflow=]
  211 |        int n = sprintf(msg, "Kp was set to: %d\r\nKi was set to: %d\r\n", Kp, Ki);
      |                              ^~~~~~~~~~~~~~~
../Core/Src/main.c:211:16: note: 'sprintf' output between 37 and 57 bytes into a destination of size 0
  211 |        int n = sprintf(msg, "Kp was set to: %d\r\nKi was set to: %d\r\n", Kp, Ki);
      |                ^~~~~~~~~~~~~~~~~~~~~~~~~~~~~~~~~~~~~~~~~~~~~~~~~~~~~~~~~~~~~~~~~~
arm-none-eabi-gcc -o "SM_FT_VCS.elf" @"objects.list"  -larm_cortexM7lfsp_math -mcpu=cortex-m7 -T"C:\Users\Nihal\Documents\GitHub\MCU-based-Control-and-Measurement-System\STM32CubeIDE\NUCLEO-F746ZG\SM_FT_VCS\STM32F746ZGTX_FLASH.ld" --specs=nosys.specs -Wl,-Map="SM_FT_VCS.map" -Wl,--gc-sections -static -L"C:\Users\Nihal\STM32Cube\Repository\Packs\ARM\CMSIS\5.7.0\CMSIS\DSP\Lib\GCC" --specs=nano.specs -mfpu=fpv5-sp-d16 -mfloat-abi=hard -mthumb -u _printf_float -u _scanf_float -Wl,--start-group -lc -lm -Wl,--end-group
Finished building target: SM_FT_VCS.elf
 
arm-none-eabi-size   SM_FT_VCS.elf 
arm-none-eabi-objdump -h -S  SM_FT_VCS.elf  > "SM_FT_VCS.list"
arm-none-eabi-objcopy  -O binary  SM_FT_VCS.elf  "SM_FT_VCS.bin"
   text	   data	    bss	    dec	    hex	filename
  56820	    584	   2368	  59772	   e97c	SM_FT_VCS.elf
Finished building: default.size.stdout
 
Finished building: SM_FT_VCS.bin
 
Finished building: SM_FT_VCS.list
 
23:25:27 **** Incremental Build of configuration Debug for project SM_FT_VCS ****
make -j12 all 
arm-none-eabi-size   SM_FT_VCS.elf 
   text	   data	    bss	    dec	    hex	filename
  56820	    584	   2368	  59772	   e97c	SM_FT_VCS.elf
Finished building: default.size.stdout
 
23:26:24 **** Incremental Build of configuration Debug for project SM_FT_VCS ****
make -j12 all 
arm-none-eabi-gcc "../Core/Src/main.c" -mcpu=cortex-m7 -std=gnu11 -g3 -DDEBUG -DUSE_HAL_DRIVER -DSTM32F746xx -c -I../Core/Inc -I../Drivers/STM32F7xx_HAL_Driver/Inc -I../Drivers/STM32F7xx_HAL_Driver/Inc/Legacy -I../Drivers/CMSIS/Device/ST/STM32F7xx/Include -I../Drivers/CMSIS/Include -I../Middlewares/Third_Party/ARM_CMSIS/CMSIS/Core/Include/ -I../Middlewares/Third_Party/ARM_CMSIS/CMSIS/Core_A/Include/ -I../Middlewares/Third_Party/ARM_CMSIS/CMSIS/DSP/Include -O0 -ffunction-sections -fdata-sections -Wall -fstack-usage -MMD -MP -MF"Core/Src/main.d" -MT"Core/Src/main.o" --specs=nano.specs -mfpu=fpv5-sp-d16 -mfloat-abi=hard -mthumb -o "Core/Src/main.o"
../Core/Src/main.c: In function 'main':
../Core/Src/main.c:151:4: warning: implicit declaration of function 'HCSRO4_Read' [-Wimplicit-function-declaration]
  151 |    HCSRO4_Read(&htim8);
      |    ^~~~~~~~~~~
arm-none-eabi-gcc -o "SM_FT_VCS.elf" @"objects.list"  -larm_cortexM7lfsp_math -mcpu=cortex-m7 -T"C:\Users\Nihal\Documents\GitHub\MCU-based-Control-and-Measurement-System\STM32CubeIDE\NUCLEO-F746ZG\SM_FT_VCS\STM32F746ZGTX_FLASH.ld" --specs=nosys.specs -Wl,-Map="SM_FT_VCS.map" -Wl,--gc-sections -static -L"C:\Users\Nihal\STM32Cube\Repository\Packs\ARM\CMSIS\5.7.0\CMSIS\DSP\Lib\GCC" --specs=nano.specs -mfpu=fpv5-sp-d16 -mfloat-abi=hard -mthumb -u _printf_float -u _scanf_float -Wl,--start-group -lc -lm -Wl,--end-group
Finished building target: SM_FT_VCS.elf
 
arm-none-eabi-size   SM_FT_VCS.elf 
arm-none-eabi-objdump -h -S  SM_FT_VCS.elf  > "SM_FT_VCS.list"
arm-none-eabi-objcopy  -O binary  SM_FT_VCS.elf  "SM_FT_VCS.bin"
   text	   data	    bss	    dec	    hex	filename
  53540	    572	   2348	  56460	   dc8c	SM_FT_VCS.elf
Finished building: default.size.stdout
 
Finished building: SM_FT_VCS.bin
 
Finished building: SM_FT_VCS.list
 
23:26:34 **** Incremental Build of configuration Debug for project SM_FT_VCS ****
make -j12 all 
arm-none-eabi-gcc "../Core/Src/main.c" -mcpu=cortex-m7 -std=gnu11 -g3 -DDEBUG -DUSE_HAL_DRIVER -DSTM32F746xx -c -I../Core/Inc -I../Drivers/STM32F7xx_HAL_Driver/Inc -I../Drivers/STM32F7xx_HAL_Driver/Inc/Legacy -I../Drivers/CMSIS/Device/ST/STM32F7xx/Include -I../Drivers/CMSIS/Include -I../Middlewares/Third_Party/ARM_CMSIS/CMSIS/Core/Include/ -I../Middlewares/Third_Party/ARM_CMSIS/CMSIS/Core_A/Include/ -I../Middlewares/Third_Party/ARM_CMSIS/CMSIS/DSP/Include -O0 -ffunction-sections -fdata-sections -Wall -fstack-usage -MMD -MP -MF"Core/Src/main.d" -MT"Core/Src/main.o" --specs=nano.specs -mfpu=fpv5-sp-d16 -mfloat-abi=hard -mthumb -o "Core/Src/main.o"
../Core/Src/main.c: In function 'main':
../Core/Src/main.c:151:4: warning: implicit declaration of function 'HCSRO4_Read' [-Wimplicit-function-declaration]
  151 |    HCSRO4_Read(&htim8);
      |    ^~~~~~~~~~~
arm-none-eabi-gcc -o "SM_FT_VCS.elf" @"objects.list"  -larm_cortexM7lfsp_math -mcpu=cortex-m7 -T"C:\Users\Nihal\Documents\GitHub\MCU-based-Control-and-Measurement-System\STM32CubeIDE\NUCLEO-F746ZG\SM_FT_VCS\STM32F746ZGTX_FLASH.ld" --specs=nosys.specs -Wl,-Map="SM_FT_VCS.map" -Wl,--gc-sections -static -L"C:\Users\Nihal\STM32Cube\Repository\Packs\ARM\CMSIS\5.7.0\CMSIS\DSP\Lib\GCC" --specs=nano.specs -mfpu=fpv5-sp-d16 -mfloat-abi=hard -mthumb -u _printf_float -u _scanf_float -Wl,--start-group -lc -lm -Wl,--end-group
Finished building target: SM_FT_VCS.elf
 
arm-none-eabi-size   SM_FT_VCS.elf 
arm-none-eabi-objdump -h -S  SM_FT_VCS.elf  > "SM_FT_VCS.list"
arm-none-eabi-objcopy  -O binary  SM_FT_VCS.elf  "SM_FT_VCS.bin"
   text	   data	    bss	    dec	    hex	filename
  53804	    572	   2356	  56732	   dd9c	SM_FT_VCS.elf
Finished building: default.size.stdout
 
Finished building: SM_FT_VCS.bin
 
Finished building: SM_FT_VCS.list
 
23:27:28 **** Incremental Build of configuration Debug for project SM_FT_VCS ****
make -j12 all 
arm-none-eabi-size   SM_FT_VCS.elf 
   text	   data	    bss	    dec	    hex	filename
  53804	    572	   2356	  56732	   dd9c	SM_FT_VCS.elf
Finished building: default.size.stdout
 
23:27:38 **** Incremental Build of configuration Debug for project SM_FT_VCS ****
make -j12 all 
arm-none-eabi-size   SM_FT_VCS.elf 
   text	   data	    bss	    dec	    hex	filename
  53804	    572	   2356	  56732	   dd9c	SM_FT_VCS.elf
Finished building: default.size.stdout
 
23:30:55 **** Incremental Build of configuration Debug for project SM_FT_VCS ****
make -j12 all 
arm-none-eabi-gcc "../Core/Src/main.c" -mcpu=cortex-m7 -std=gnu11 -g3 -DDEBUG -DUSE_HAL_DRIVER -DSTM32F746xx -c -I../Core/Inc -I../Drivers/STM32F7xx_HAL_Driver/Inc -I../Drivers/STM32F7xx_HAL_Driver/Inc/Legacy -I../Drivers/CMSIS/Device/ST/STM32F7xx/Include -I../Drivers/CMSIS/Include -I../Middlewares/Third_Party/ARM_CMSIS/CMSIS/Core/Include/ -I../Middlewares/Third_Party/ARM_CMSIS/CMSIS/Core_A/Include/ -I../Middlewares/Third_Party/ARM_CMSIS/CMSIS/DSP/Include -O0 -ffunction-sections -fdata-sections -Wall -fstack-usage -MMD -MP -MF"Core/Src/main.d" -MT"Core/Src/main.o" --specs=nano.specs -mfpu=fpv5-sp-d16 -mfloat-abi=hard -mthumb -o "Core/Src/main.o"
../Core/Src/main.c: In function 'main':
../Core/Src/main.c:151:4: warning: implicit declaration of function 'HCSRO4_Read' [-Wimplicit-function-declaration]
  151 |    HCSRO4_Read(&htim8);
      |    ^~~~~~~~~~~
arm-none-eabi-gcc -o "SM_FT_VCS.elf" @"objects.list"  -larm_cortexM7lfsp_math -mcpu=cortex-m7 -T"C:\Users\Nihal\Documents\GitHub\MCU-based-Control-and-Measurement-System\STM32CubeIDE\NUCLEO-F746ZG\SM_FT_VCS\STM32F746ZGTX_FLASH.ld" --specs=nosys.specs -Wl,-Map="SM_FT_VCS.map" -Wl,--gc-sections -static -L"C:\Users\Nihal\STM32Cube\Repository\Packs\ARM\CMSIS\5.7.0\CMSIS\DSP\Lib\GCC" --specs=nano.specs -mfpu=fpv5-sp-d16 -mfloat-abi=hard -mthumb -u _printf_float -u _scanf_float -Wl,--start-group -lc -lm -Wl,--end-group
Finished building target: SM_FT_VCS.elf
 
arm-none-eabi-size   SM_FT_VCS.elf 
arm-none-eabi-objdump -h -S  SM_FT_VCS.elf  > "SM_FT_VCS.list"
arm-none-eabi-objcopy  -O binary  SM_FT_VCS.elf  "SM_FT_VCS.bin"
   text	   data	    bss	    dec	    hex	filename
  53804	    572	   2356	  56732	   dd9c	SM_FT_VCS.elf
Finished building: default.size.stdout
 
Finished building: SM_FT_VCS.bin
 
Finished building: SM_FT_VCS.list
 
23:32:52 **** Incremental Build of configuration Debug for project SM_FT_VCS ****
make -j12 all 
arm-none-eabi-gcc "../Core/Src/main.c" -mcpu=cortex-m7 -std=gnu11 -g3 -DDEBUG -DUSE_HAL_DRIVER -DSTM32F746xx -c -I../Core/Inc -I../Drivers/STM32F7xx_HAL_Driver/Inc -I../Drivers/STM32F7xx_HAL_Driver/Inc/Legacy -I../Drivers/CMSIS/Device/ST/STM32F7xx/Include -I../Drivers/CMSIS/Include -I../Middlewares/Third_Party/ARM_CMSIS/CMSIS/Core/Include/ -I../Middlewares/Third_Party/ARM_CMSIS/CMSIS/Core_A/Include/ -I../Middlewares/Third_Party/ARM_CMSIS/CMSIS/DSP/Include -O0 -ffunction-sections -fdata-sections -Wall -fstack-usage -MMD -MP -MF"Core/Src/main.d" -MT"Core/Src/main.o" --specs=nano.specs -mfpu=fpv5-sp-d16 -mfloat-abi=hard -mthumb -o "Core/Src/main.o"
../Core/Src/main.c: In function 'main':
../Core/Src/main.c:151:4: warning: implicit declaration of function 'HCSRO4_Read' [-Wimplicit-function-declaration]
  151 |    HCSRO4_Read(&htim8);
      |    ^~~~~~~~~~~
arm-none-eabi-gcc -o "SM_FT_VCS.elf" @"objects.list"  -larm_cortexM7lfsp_math -mcpu=cortex-m7 -T"C:\Users\Nihal\Documents\GitHub\MCU-based-Control-and-Measurement-System\STM32CubeIDE\NUCLEO-F746ZG\SM_FT_VCS\STM32F746ZGTX_FLASH.ld" --specs=nosys.specs -Wl,-Map="SM_FT_VCS.map" -Wl,--gc-sections -static -L"C:\Users\Nihal\STM32Cube\Repository\Packs\ARM\CMSIS\5.7.0\CMSIS\DSP\Lib\GCC" --specs=nano.specs -mfpu=fpv5-sp-d16 -mfloat-abi=hard -mthumb -u _printf_float -u _scanf_float -Wl,--start-group -lc -lm -Wl,--end-group
Finished building target: SM_FT_VCS.elf
 
arm-none-eabi-size   SM_FT_VCS.elf 
arm-none-eabi-objdump -h -S  SM_FT_VCS.elf  > "SM_FT_VCS.list"
arm-none-eabi-objcopy  -O binary  SM_FT_VCS.elf  "SM_FT_VCS.bin"
   text	   data	    bss	    dec	    hex	filename
  53812	    572	   2356	  56740	   dda4	SM_FT_VCS.elf
Finished building: default.size.stdout
 
Finished building: SM_FT_VCS.bin
 
Finished building: SM_FT_VCS.list
 
23:34:02 **** Incremental Build of configuration Debug for project SM_FT_VCS ****
make -j12 all 
arm-none-eabi-gcc "../Core/Src/main.c" -mcpu=cortex-m7 -std=gnu11 -g3 -DDEBUG -DUSE_HAL_DRIVER -DSTM32F746xx -c -I../Core/Inc -I../Drivers/STM32F7xx_HAL_Driver/Inc -I../Drivers/STM32F7xx_HAL_Driver/Inc/Legacy -I../Drivers/CMSIS/Device/ST/STM32F7xx/Include -I../Drivers/CMSIS/Include -I../Middlewares/Third_Party/ARM_CMSIS/CMSIS/Core/Include/ -I../Middlewares/Third_Party/ARM_CMSIS/CMSIS/Core_A/Include/ -I../Middlewares/Third_Party/ARM_CMSIS/CMSIS/DSP/Include -O0 -ffunction-sections -fdata-sections -Wall -fstack-usage -MMD -MP -MF"Core/Src/main.d" -MT"Core/Src/main.o" --specs=nano.specs -mfpu=fpv5-sp-d16 -mfloat-abi=hard -mthumb -o "Core/Src/main.o"
../Core/Src/main.c: In function 'main':
../Core/Src/main.c:151:4: warning: implicit declaration of function 'HCSRO4_Read' [-Wimplicit-function-declaration]
  151 |    HCSRO4_Read(&htim8);
      |    ^~~~~~~~~~~
../Core/Src/main.c:204:30: warning: 'Duty was set to ' directive writing 16 bytes into a region of size 0 [-Wformat-overflow=]
  204 |        int n = sprintf(msg, "Duty was set to %d\r\n", duty);
      |                              ^~~~~~~~~~~~~~~~
../Core/Src/main.c:204:16: note: 'sprintf' output between 20 and 30 bytes into a destination of size 0
  204 |        int n = sprintf(msg, "Duty was set to %d\r\n", duty);
      |                ^~~~~~~~~~~~~~~~~~~~~~~~~~~~~~~~~~~~~~~~~~~~
arm-none-eabi-gcc -o "SM_FT_VCS.elf" @"objects.list"  -larm_cortexM7lfsp_math -mcpu=cortex-m7 -T"C:\Users\Nihal\Documents\GitHub\MCU-based-Control-and-Measurement-System\STM32CubeIDE\NUCLEO-F746ZG\SM_FT_VCS\STM32F746ZGTX_FLASH.ld" --specs=nosys.specs -Wl,-Map="SM_FT_VCS.map" -Wl,--gc-sections -static -L"C:\Users\Nihal\STM32Cube\Repository\Packs\ARM\CMSIS\5.7.0\CMSIS\DSP\Lib\GCC" --specs=nano.specs -mfpu=fpv5-sp-d16 -mfloat-abi=hard -mthumb -u _printf_float -u _scanf_float -Wl,--start-group -lc -lm -Wl,--end-group
Finished building target: SM_FT_VCS.elf
 
arm-none-eabi-size   SM_FT_VCS.elf 
arm-none-eabi-objdump -h -S  SM_FT_VCS.elf  > "SM_FT_VCS.list"
arm-none-eabi-objcopy  -O binary  SM_FT_VCS.elf  "SM_FT_VCS.bin"
   text	   data	    bss	    dec	    hex	filename
  56852	    576	   2352	  59780	   e984	SM_FT_VCS.elf
Finished building: default.size.stdout
 
Finished building: SM_FT_VCS.bin
 
Finished building: SM_FT_VCS.list
 
23:36:07 **** Incremental Build of configuration Debug for project SM_FT_VCS ****
make -j12 all 
arm-none-eabi-size   SM_FT_VCS.elf 
   text	   data	    bss	    dec	    hex	filename
  56852	    576	   2352	  59780	   e984	SM_FT_VCS.elf
Finished building: default.size.stdout
 
23:37:02 **** Incremental Build of configuration Debug for project SM_FT_VCS ****
make -j12 all 
arm-none-eabi-gcc "../Core/Src/main.c" -mcpu=cortex-m7 -std=gnu11 -g3 -DDEBUG -DUSE_HAL_DRIVER -DSTM32F746xx -c -I../Core/Inc -I../Drivers/STM32F7xx_HAL_Driver/Inc -I../Drivers/STM32F7xx_HAL_Driver/Inc/Legacy -I../Drivers/CMSIS/Device/ST/STM32F7xx/Include -I../Drivers/CMSIS/Include -I../Middlewares/Third_Party/ARM_CMSIS/CMSIS/Core/Include/ -I../Middlewares/Third_Party/ARM_CMSIS/CMSIS/Core_A/Include/ -I../Middlewares/Third_Party/ARM_CMSIS/CMSIS/DSP/Include -O0 -ffunction-sections -fdata-sections -Wall -fstack-usage -MMD -MP -MF"Core/Src/main.d" -MT"Core/Src/main.o" --specs=nano.specs -mfpu=fpv5-sp-d16 -mfloat-abi=hard -mthumb -o "Core/Src/main.o"
../Core/Src/main.c: In function 'main':
../Core/Src/main.c:151:4: warning: implicit declaration of function 'HCSRO4_Read' [-Wimplicit-function-declaration]
  151 |    HCSRO4_Read(&htim8);
      |    ^~~~~~~~~~~
arm-none-eabi-gcc -o "SM_FT_VCS.elf" @"objects.list"  -larm_cortexM7lfsp_math -mcpu=cortex-m7 -T"C:\Users\Nihal\Documents\GitHub\MCU-based-Control-and-Measurement-System\STM32CubeIDE\NUCLEO-F746ZG\SM_FT_VCS\STM32F746ZGTX_FLASH.ld" --specs=nosys.specs -Wl,-Map="SM_FT_VCS.map" -Wl,--gc-sections -static -L"C:\Users\Nihal\STM32Cube\Repository\Packs\ARM\CMSIS\5.7.0\CMSIS\DSP\Lib\GCC" --specs=nano.specs -mfpu=fpv5-sp-d16 -mfloat-abi=hard -mthumb -u _printf_float -u _scanf_float -Wl,--start-group -lc -lm -Wl,--end-group
Finished building target: SM_FT_VCS.elf
 
arm-none-eabi-size   SM_FT_VCS.elf 
arm-none-eabi-objdump -h -S  SM_FT_VCS.elf  > "SM_FT_VCS.list"
arm-none-eabi-objcopy  -O binary  SM_FT_VCS.elf  "SM_FT_VCS.bin"
   text	   data	    bss	    dec	    hex	filename
  53812	    572	   2356	  56740	   dda4	SM_FT_VCS.elf
Finished building: default.size.stdout
 
Finished building: SM_FT_VCS.bin
 
Finished building: SM_FT_VCS.list
 
23:37:08 **** Incremental Build of configuration Debug for project SM_FT_VCS ****
make -j12 all 
arm-none-eabi-size   SM_FT_VCS.elf 
   text	   data	    bss	    dec	    hex	filename
  53812	    572	   2356	  56740	   dda4	SM_FT_VCS.elf
Finished building: default.size.stdout
 
23:38:17 **** Incremental Build of configuration Debug for project SM_FT_VCS ****
make -j12 all 
arm-none-eabi-gcc "../Core/Src/main.c" -mcpu=cortex-m7 -std=gnu11 -g3 -DDEBUG -DUSE_HAL_DRIVER -DSTM32F746xx -c -I../Core/Inc -I../Drivers/STM32F7xx_HAL_Driver/Inc -I../Drivers/STM32F7xx_HAL_Driver/Inc/Legacy -I../Drivers/CMSIS/Device/ST/STM32F7xx/Include -I../Drivers/CMSIS/Include -I../Middlewares/Third_Party/ARM_CMSIS/CMSIS/Core/Include/ -I../Middlewares/Third_Party/ARM_CMSIS/CMSIS/Core_A/Include/ -I../Middlewares/Third_Party/ARM_CMSIS/CMSIS/DSP/Include -O0 -ffunction-sections -fdata-sections -Wall -fstack-usage -MMD -MP -MF"Core/Src/main.d" -MT"Core/Src/main.o" --specs=nano.specs -mfpu=fpv5-sp-d16 -mfloat-abi=hard -mthumb -o "Core/Src/main.o"
../Core/Src/main.c: In function 'main':
../Core/Src/main.c:151:4: warning: implicit declaration of function 'HCSRO4_Read' [-Wimplicit-function-declaration]
  151 |    HCSRO4_Read(&htim8);
      |    ^~~~~~~~~~~
../Core/Src/main.c:204:30: warning: 'Duty was set to ' directive writing 16 bytes into a region of size 0 [-Wformat-overflow=]
  204 |        int n = sprintf(msg, "Duty was set to %d\r\n", duty);
      |                              ^~~~~~~~~~~~~~~~
../Core/Src/main.c:204:16: note: 'sprintf' output between 20 and 30 bytes into a destination of size 0
  204 |        int n = sprintf(msg, "Duty was set to %d\r\n", duty);
      |                ^~~~~~~~~~~~~~~~~~~~~~~~~~~~~~~~~~~~~~~~~~~~
arm-none-eabi-gcc -o "SM_FT_VCS.elf" @"objects.list"  -larm_cortexM7lfsp_math -mcpu=cortex-m7 -T"C:\Users\Nihal\Documents\GitHub\MCU-based-Control-and-Measurement-System\STM32CubeIDE\NUCLEO-F746ZG\SM_FT_VCS\STM32F746ZGTX_FLASH.ld" --specs=nosys.specs -Wl,-Map="SM_FT_VCS.map" -Wl,--gc-sections -static -L"C:\Users\Nihal\STM32Cube\Repository\Packs\ARM\CMSIS\5.7.0\CMSIS\DSP\Lib\GCC" --specs=nano.specs -mfpu=fpv5-sp-d16 -mfloat-abi=hard -mthumb -u _printf_float -u _scanf_float -Wl,--start-group -lc -lm -Wl,--end-group
Finished building target: SM_FT_VCS.elf
 
arm-none-eabi-size   SM_FT_VCS.elf 
arm-none-eabi-objdump -h -S  SM_FT_VCS.elf  > "SM_FT_VCS.list"
arm-none-eabi-objcopy  -O binary  SM_FT_VCS.elf  "SM_FT_VCS.bin"
   text	   data	    bss	    dec	    hex	filename
  56580	    576	   2352	  59508	   e874	SM_FT_VCS.elf
Finished building: default.size.stdout
 
Finished building: SM_FT_VCS.bin
 
Finished building: SM_FT_VCS.list
 
23:38:25 **** Incremental Build of configuration Debug for project SM_FT_VCS ****
make -j12 all 
arm-none-eabi-size   SM_FT_VCS.elf 
   text	   data	    bss	    dec	    hex	filename
  56580	    576	   2352	  59508	   e874	SM_FT_VCS.elf
Finished building: default.size.stdout
 
23:40:09 **** Incremental Build of configuration Debug for project SM_FT_VCS ****
make -j12 all 
arm-none-eabi-gcc "../Core/Src/main.c" -mcpu=cortex-m7 -std=gnu11 -g3 -DDEBUG -DUSE_HAL_DRIVER -DSTM32F746xx -c -I../Core/Inc -I../Drivers/STM32F7xx_HAL_Driver/Inc -I../Drivers/STM32F7xx_HAL_Driver/Inc/Legacy -I../Drivers/CMSIS/Device/ST/STM32F7xx/Include -I../Drivers/CMSIS/Include -I../Middlewares/Third_Party/ARM_CMSIS/CMSIS/Core/Include/ -I../Middlewares/Third_Party/ARM_CMSIS/CMSIS/Core_A/Include/ -I../Middlewares/Third_Party/ARM_CMSIS/CMSIS/DSP/Include -O0 -ffunction-sections -fdata-sections -Wall -fstack-usage -MMD -MP -MF"Core/Src/main.d" -MT"Core/Src/main.o" --specs=nano.specs -mfpu=fpv5-sp-d16 -mfloat-abi=hard -mthumb -o "Core/Src/main.o"
../Core/Src/main.c: In function 'main':
../Core/Src/main.c:151:4: warning: implicit declaration of function 'HCSRO4_Read' [-Wimplicit-function-declaration]
  151 |    HCSRO4_Read(&htim8);
      |    ^~~~~~~~~~~
arm-none-eabi-gcc -o "SM_FT_VCS.elf" @"objects.list"  -larm_cortexM7lfsp_math -mcpu=cortex-m7 -T"C:\Users\Nihal\Documents\GitHub\MCU-based-Control-and-Measurement-System\STM32CubeIDE\NUCLEO-F746ZG\SM_FT_VCS\STM32F746ZGTX_FLASH.ld" --specs=nosys.specs -Wl,-Map="SM_FT_VCS.map" -Wl,--gc-sections -static -L"C:\Users\Nihal\STM32Cube\Repository\Packs\ARM\CMSIS\5.7.0\CMSIS\DSP\Lib\GCC" --specs=nano.specs -mfpu=fpv5-sp-d16 -mfloat-abi=hard -mthumb -u _printf_float -u _scanf_float -Wl,--start-group -lc -lm -Wl,--end-group
Finished building target: SM_FT_VCS.elf
 
arm-none-eabi-size   SM_FT_VCS.elf 
arm-none-eabi-objdump -h -S  SM_FT_VCS.elf  > "SM_FT_VCS.list"
arm-none-eabi-objcopy  -O binary  SM_FT_VCS.elf  "SM_FT_VCS.bin"
   text	   data	    bss	    dec	    hex	filename
  53812	    572	   2356	  56740	   dda4	SM_FT_VCS.elf
Finished building: default.size.stdout
 
Finished building: SM_FT_VCS.bin
 
Finished building: SM_FT_VCS.list
 
23:40:17 **** Incremental Build of configuration Debug for project SM_FT_VCS ****
make -j12 all 
arm-none-eabi-size   SM_FT_VCS.elf 
   text	   data	    bss	    dec	    hex	filename
  53812	    572	   2356	  56740	   dda4	SM_FT_VCS.elf
Finished building: default.size.stdout
 
23:42:55 **** Incremental Build of configuration Debug for project SM_FT_VCS ****
make -j12 all 
arm-none-eabi-gcc "../Core/Src/main.c" -mcpu=cortex-m7 -std=gnu11 -g3 -DDEBUG -DUSE_HAL_DRIVER -DSTM32F746xx -c -I../Core/Inc -I../Drivers/STM32F7xx_HAL_Driver/Inc -I../Drivers/STM32F7xx_HAL_Driver/Inc/Legacy -I../Drivers/CMSIS/Device/ST/STM32F7xx/Include -I../Drivers/CMSIS/Include -I../Middlewares/Third_Party/ARM_CMSIS/CMSIS/Core/Include/ -I../Middlewares/Third_Party/ARM_CMSIS/CMSIS/Core_A/Include/ -I../Middlewares/Third_Party/ARM_CMSIS/CMSIS/DSP/Include -O0 -ffunction-sections -fdata-sections -Wall -fstack-usage -MMD -MP -MF"Core/Src/main.d" -MT"Core/Src/main.o" --specs=nano.specs -mfpu=fpv5-sp-d16 -mfloat-abi=hard -mthumb -o "Core/Src/main.o"
../Core/Src/main.c: In function 'main':
../Core/Src/main.c:151:4: warning: implicit declaration of function 'HCSRO4_Read' [-Wimplicit-function-declaration]
  151 |    HCSRO4_Read(&htim8);
      |    ^~~~~~~~~~~
arm-none-eabi-gcc -o "SM_FT_VCS.elf" @"objects.list"  -larm_cortexM7lfsp_math -mcpu=cortex-m7 -T"C:\Users\Nihal\Documents\GitHub\MCU-based-Control-and-Measurement-System\STM32CubeIDE\NUCLEO-F746ZG\SM_FT_VCS\STM32F746ZGTX_FLASH.ld" --specs=nosys.specs -Wl,-Map="SM_FT_VCS.map" -Wl,--gc-sections -static -L"C:\Users\Nihal\STM32Cube\Repository\Packs\ARM\CMSIS\5.7.0\CMSIS\DSP\Lib\GCC" --specs=nano.specs -mfpu=fpv5-sp-d16 -mfloat-abi=hard -mthumb -u _printf_float -u _scanf_float -Wl,--start-group -lc -lm -Wl,--end-group
Finished building target: SM_FT_VCS.elf
 
arm-none-eabi-size   SM_FT_VCS.elf 
arm-none-eabi-objdump -h -S  SM_FT_VCS.elf  > "SM_FT_VCS.list"
arm-none-eabi-objcopy  -O binary  SM_FT_VCS.elf  "SM_FT_VCS.bin"
   text	   data	    bss	    dec	    hex	filename
  53804	    572	   2356	  56732	   dd9c	SM_FT_VCS.elf
Finished building: default.size.stdout
 
Finished building: SM_FT_VCS.bin
 
Finished building: SM_FT_VCS.list
 
23:43:01 **** Incremental Build of configuration Debug for project SM_FT_VCS ****
make -j12 all 
arm-none-eabi-size   SM_FT_VCS.elf 
   text	   data	    bss	    dec	    hex	filename
  53804	    572	   2356	  56732	   dd9c	SM_FT_VCS.elf
Finished building: default.size.stdout
 
23:46:06 **** Incremental Build of configuration Debug for project SM_FT_VCS ****
make -j12 all 
arm-none-eabi-gcc "../Core/Src/main.c" -mcpu=cortex-m7 -std=gnu11 -g3 -DDEBUG -DUSE_HAL_DRIVER -DSTM32F746xx -c -I../Core/Inc -I../Drivers/STM32F7xx_HAL_Driver/Inc -I../Drivers/STM32F7xx_HAL_Driver/Inc/Legacy -I../Drivers/CMSIS/Device/ST/STM32F7xx/Include -I../Drivers/CMSIS/Include -I../Middlewares/Third_Party/ARM_CMSIS/CMSIS/Core/Include/ -I../Middlewares/Third_Party/ARM_CMSIS/CMSIS/Core_A/Include/ -I../Middlewares/Third_Party/ARM_CMSIS/CMSIS/DSP/Include -O0 -ffunction-sections -fdata-sections -Wall -fstack-usage -MMD -MP -MF"Core/Src/main.d" -MT"Core/Src/main.o" --specs=nano.specs -mfpu=fpv5-sp-d16 -mfloat-abi=hard -mthumb -o "Core/Src/main.o"
../Core/Src/main.c: In function 'main':
../Core/Src/main.c:151:4: warning: implicit declaration of function 'HCSRO4_Read' [-Wimplicit-function-declaration]
  151 |    HCSRO4_Read(&htim8);
      |    ^~~~~~~~~~~
../Core/Src/main.c:204:30: warning: 'Duty was set to ' directive writing 16 bytes into a region of size 0 [-Wformat-overflow=]
  204 |        int n = sprintf(msg, "Duty was set to %d\r\n", duty);
      |                              ^~~~~~~~~~~~~~~~
../Core/Src/main.c:204:16: note: 'sprintf' output between 20 and 30 bytes into a destination of size 0
  204 |        int n = sprintf(msg, "Duty was set to %d\r\n", duty);
      |                ^~~~~~~~~~~~~~~~~~~~~~~~~~~~~~~~~~~~~~~~~~~~
arm-none-eabi-gcc -o "SM_FT_VCS.elf" @"objects.list"  -larm_cortexM7lfsp_math -mcpu=cortex-m7 -T"C:\Users\Nihal\Documents\GitHub\MCU-based-Control-and-Measurement-System\STM32CubeIDE\NUCLEO-F746ZG\SM_FT_VCS\STM32F746ZGTX_FLASH.ld" --specs=nosys.specs -Wl,-Map="SM_FT_VCS.map" -Wl,--gc-sections -static -L"C:\Users\Nihal\STM32Cube\Repository\Packs\ARM\CMSIS\5.7.0\CMSIS\DSP\Lib\GCC" --specs=nano.specs -mfpu=fpv5-sp-d16 -mfloat-abi=hard -mthumb -u _printf_float -u _scanf_float -Wl,--start-group -lc -lm -Wl,--end-group
Finished building target: SM_FT_VCS.elf
 
arm-none-eabi-size   SM_FT_VCS.elf 
arm-none-eabi-objdump -h -S  SM_FT_VCS.elf  > "SM_FT_VCS.list"
arm-none-eabi-objcopy  -O binary  SM_FT_VCS.elf  "SM_FT_VCS.bin"
   text	   data	    bss	    dec	    hex	filename
  56844	    576	   2352	  59772	   e97c	SM_FT_VCS.elf
Finished building: default.size.stdout
 
Finished building: SM_FT_VCS.bin
 
Finished building: SM_FT_VCS.list
 
23:46:15 **** Incremental Build of configuration Debug for project SM_FT_VCS ****
make -j12 all 
arm-none-eabi-size   SM_FT_VCS.elf 
   text	   data	    bss	    dec	    hex	filename
  56844	    576	   2352	  59772	   e97c	SM_FT_VCS.elf
Finished building: default.size.stdout
 
23:47:09 **** Incremental Build of configuration Debug for project SM_FT_VCS ****
make -j12 all 
arm-none-eabi-gcc "../Core/Src/main.c" -mcpu=cortex-m7 -std=gnu11 -g3 -DDEBUG -DUSE_HAL_DRIVER -DSTM32F746xx -c -I../Core/Inc -I../Drivers/STM32F7xx_HAL_Driver/Inc -I../Drivers/STM32F7xx_HAL_Driver/Inc/Legacy -I../Drivers/CMSIS/Device/ST/STM32F7xx/Include -I../Drivers/CMSIS/Include -I../Middlewares/Third_Party/ARM_CMSIS/CMSIS/Core/Include/ -I../Middlewares/Third_Party/ARM_CMSIS/CMSIS/Core_A/Include/ -I../Middlewares/Third_Party/ARM_CMSIS/CMSIS/DSP/Include -O0 -ffunction-sections -fdata-sections -Wall -fstack-usage -MMD -MP -MF"Core/Src/main.d" -MT"Core/Src/main.o" --specs=nano.specs -mfpu=fpv5-sp-d16 -mfloat-abi=hard -mthumb -o "Core/Src/main.o"
../Core/Src/main.c: In function 'main':
../Core/Src/main.c:151:4: warning: implicit declaration of function 'HCSRO4_Read' [-Wimplicit-function-declaration]
  151 |    HCSRO4_Read(&htim8);
      |    ^~~~~~~~~~~
../Core/Src/main.c:204:30: warning: 'Duty was set to ' directive writing 16 bytes into a region of size 0 [-Wformat-overflow=]
  204 |        int n = sprintf(msg, "Duty was set to %d\r\n", duty);
      |                              ^~~~~~~~~~~~~~~~
../Core/Src/main.c:204:16: note: 'sprintf' output between 20 and 30 bytes into a destination of size 0
  204 |        int n = sprintf(msg, "Duty was set to %d\r\n", duty);
      |                ^~~~~~~~~~~~~~~~~~~~~~~~~~~~~~~~~~~~~~~~~~~~
arm-none-eabi-gcc -o "SM_FT_VCS.elf" @"objects.list"  -larm_cortexM7lfsp_math -mcpu=cortex-m7 -T"C:\Users\Nihal\Documents\GitHub\MCU-based-Control-and-Measurement-System\STM32CubeIDE\NUCLEO-F746ZG\SM_FT_VCS\STM32F746ZGTX_FLASH.ld" --specs=nosys.specs -Wl,-Map="SM_FT_VCS.map" -Wl,--gc-sections -static -L"C:\Users\Nihal\STM32Cube\Repository\Packs\ARM\CMSIS\5.7.0\CMSIS\DSP\Lib\GCC" --specs=nano.specs -mfpu=fpv5-sp-d16 -mfloat-abi=hard -mthumb -u _printf_float -u _scanf_float -Wl,--start-group -lc -lm -Wl,--end-group
Finished building target: SM_FT_VCS.elf
 
arm-none-eabi-size   SM_FT_VCS.elf 
arm-none-eabi-objdump -h -S  SM_FT_VCS.elf  > "SM_FT_VCS.list"
arm-none-eabi-objcopy  -O binary  SM_FT_VCS.elf  "SM_FT_VCS.bin"
   text	   data	    bss	    dec	    hex	filename
  56580	    576	   2352	  59508	   e874	SM_FT_VCS.elf
Finished building: default.size.stdout
 
Finished building: SM_FT_VCS.bin
 
Finished building: SM_FT_VCS.list
 
23:47:16 **** Incremental Build of configuration Debug for project SM_FT_VCS ****
make -j12 all 
arm-none-eabi-size   SM_FT_VCS.elf 
   text	   data	    bss	    dec	    hex	filename
  56580	    576	   2352	  59508	   e874	SM_FT_VCS.elf
Finished building: default.size.stdout
 
23:51:57 **** Incremental Build of configuration Debug for project SM_FT_VCS ****
make -j12 all 
arm-none-eabi-gcc "../Core/Src/main.c" -mcpu=cortex-m7 -std=gnu11 -g3 -DDEBUG -DUSE_HAL_DRIVER -DSTM32F746xx -c -I../Core/Inc -I../Drivers/STM32F7xx_HAL_Driver/Inc -I../Drivers/STM32F7xx_HAL_Driver/Inc/Legacy -I../Drivers/CMSIS/Device/ST/STM32F7xx/Include -I../Drivers/CMSIS/Include -I../Middlewares/Third_Party/ARM_CMSIS/CMSIS/Core/Include/ -I../Middlewares/Third_Party/ARM_CMSIS/CMSIS/Core_A/Include/ -I../Middlewares/Third_Party/ARM_CMSIS/CMSIS/DSP/Include -O0 -ffunction-sections -fdata-sections -Wall -fstack-usage -MMD -MP -MF"Core/Src/main.d" -MT"Core/Src/main.o" --specs=nano.specs -mfpu=fpv5-sp-d16 -mfloat-abi=hard -mthumb -o "Core/Src/main.o"
../Core/Src/main.c: In function 'main':
../Core/Src/main.c:151:4: warning: implicit declaration of function 'HCSRO4_Read' [-Wimplicit-function-declaration]
  151 |    HCSRO4_Read(&htim8);
      |    ^~~~~~~~~~~
arm-none-eabi-gcc -o "SM_FT_VCS.elf" @"objects.list"  -larm_cortexM7lfsp_math -mcpu=cortex-m7 -T"C:\Users\Nihal\Documents\GitHub\MCU-based-Control-and-Measurement-System\STM32CubeIDE\NUCLEO-F746ZG\SM_FT_VCS\STM32F746ZGTX_FLASH.ld" --specs=nosys.specs -Wl,-Map="SM_FT_VCS.map" -Wl,--gc-sections -static -L"C:\Users\Nihal\STM32Cube\Repository\Packs\ARM\CMSIS\5.7.0\CMSIS\DSP\Lib\GCC" --specs=nano.specs -mfpu=fpv5-sp-d16 -mfloat-abi=hard -mthumb -u _printf_float -u _scanf_float -Wl,--start-group -lc -lm -Wl,--end-group
Finished building target: SM_FT_VCS.elf
 
arm-none-eabi-size   SM_FT_VCS.elf 
arm-none-eabi-objdump -h -S  SM_FT_VCS.elf  > "SM_FT_VCS.list"
arm-none-eabi-objcopy  -O binary  SM_FT_VCS.elf  "SM_FT_VCS.bin"
   text	   data	    bss	    dec	    hex	filename
  53836	    576	   2352	  56764	   ddbc	SM_FT_VCS.elf
Finished building: default.size.stdout
 
Finished building: SM_FT_VCS.bin
 
Finished building: SM_FT_VCS.list
 
23:52:06 **** Incremental Build of configuration Debug for project SM_FT_VCS ****
make -j12 all 
arm-none-eabi-size   SM_FT_VCS.elf 
   text	   data	    bss	    dec	    hex	filename
  53836	    576	   2352	  56764	   ddbc	SM_FT_VCS.elf
Finished building: default.size.stdout
 
23:56:17 **** Incremental Build of configuration Debug for project SM_FT_VCS ****
make -j12 all 
arm-none-eabi-gcc "../Core/Src/main.c" -mcpu=cortex-m7 -std=gnu11 -g3 -DDEBUG -DUSE_HAL_DRIVER -DSTM32F746xx -c -I../Core/Inc -I../Drivers/STM32F7xx_HAL_Driver/Inc -I../Drivers/STM32F7xx_HAL_Driver/Inc/Legacy -I../Drivers/CMSIS/Device/ST/STM32F7xx/Include -I../Drivers/CMSIS/Include -I../Middlewares/Third_Party/ARM_CMSIS/CMSIS/Core/Include/ -I../Middlewares/Third_Party/ARM_CMSIS/CMSIS/Core_A/Include/ -I../Middlewares/Third_Party/ARM_CMSIS/CMSIS/DSP/Include -O0 -ffunction-sections -fdata-sections -Wall -fstack-usage -MMD -MP -MF"Core/Src/main.d" -MT"Core/Src/main.o" --specs=nano.specs -mfpu=fpv5-sp-d16 -mfloat-abi=hard -mthumb -o "Core/Src/main.o"
../Core/Src/main.c: In function 'main':
../Core/Src/main.c:153:4: warning: implicit declaration of function 'HCSRO4_Read' [-Wimplicit-function-declaration]
  153 |    HCSRO4_Read(&htim8);
      |    ^~~~~~~~~~~
../Core/Src/main.c:191:26: warning: format '%d' expects argument of type 'int', but argument 3 has type 'uint32_t' {aka 'long unsigned int'} [-Wformat=]
  191 |    sprintf(duty_print, "%d", duty_val);
      |                         ~^   ~~~~~~~~
      |                          |   |
      |                          int uint32_t {aka long unsigned int}
      |                         %ld
arm-none-eabi-gcc -o "SM_FT_VCS.elf" @"objects.list"  -larm_cortexM7lfsp_math -mcpu=cortex-m7 -T"C:\Users\Nihal\Documents\GitHub\MCU-based-Control-and-Measurement-System\STM32CubeIDE\NUCLEO-F746ZG\SM_FT_VCS\STM32F746ZGTX_FLASH.ld" --specs=nosys.specs -Wl,-Map="SM_FT_VCS.map" -Wl,--gc-sections -static -L"C:\Users\Nihal\STM32Cube\Repository\Packs\ARM\CMSIS\5.7.0\CMSIS\DSP\Lib\GCC" --specs=nano.specs -mfpu=fpv5-sp-d16 -mfloat-abi=hard -mthumb -u _printf_float -u _scanf_float -Wl,--start-group -lc -lm -Wl,--end-group
Finished building target: SM_FT_VCS.elf
 
arm-none-eabi-size   SM_FT_VCS.elf 
arm-none-eabi-objdump -h -S  SM_FT_VCS.elf  > "SM_FT_VCS.list"
arm-none-eabi-objcopy  -O binary  SM_FT_VCS.elf  "SM_FT_VCS.bin"
   text	   data	    bss	    dec	    hex	filename
  53828	    580	   2364	  56772	   ddc4	SM_FT_VCS.elf
Finished building: default.size.stdout
 
Finished building: SM_FT_VCS.bin
 
Finished building: SM_FT_VCS.list
 
23:56:31 **** Incremental Build of configuration Debug for project SM_FT_VCS ****
make -j12 all 
arm-none-eabi-gcc "../Core/Src/main.c" -mcpu=cortex-m7 -std=gnu11 -g3 -DDEBUG -DUSE_HAL_DRIVER -DSTM32F746xx -c -I../Core/Inc -I../Drivers/STM32F7xx_HAL_Driver/Inc -I../Drivers/STM32F7xx_HAL_Driver/Inc/Legacy -I../Drivers/CMSIS/Device/ST/STM32F7xx/Include -I../Drivers/CMSIS/Include -I../Middlewares/Third_Party/ARM_CMSIS/CMSIS/Core/Include/ -I../Middlewares/Third_Party/ARM_CMSIS/CMSIS/Core_A/Include/ -I../Middlewares/Third_Party/ARM_CMSIS/CMSIS/DSP/Include -O0 -ffunction-sections -fdata-sections -Wall -fstack-usage -MMD -MP -MF"Core/Src/main.d" -MT"Core/Src/main.o" --specs=nano.specs -mfpu=fpv5-sp-d16 -mfloat-abi=hard -mthumb -o "Core/Src/main.o"
../Core/Src/main.c: In function 'main':
../Core/Src/main.c:153:4: warning: implicit declaration of function 'HCSRO4_Read' [-Wimplicit-function-declaration]
  153 |    HCSRO4_Read(&htim8);
      |    ^~~~~~~~~~~
../Core/Src/main.c:191:26: warning: conversion lacks type at end of format [-Wformat=]
  191 |    sprintf(duty_print, "%l", duty_val);
      |                          ^
../Core/Src/main.c:191:24: warning: too many arguments for format [-Wformat-extra-args]
  191 |    sprintf(duty_print, "%l", duty_val);
      |                        ^~~~
arm-none-eabi-gcc -o "SM_FT_VCS.elf" @"objects.list"  -larm_cortexM7lfsp_math -mcpu=cortex-m7 -T"C:\Users\Nihal\Documents\GitHub\MCU-based-Control-and-Measurement-System\STM32CubeIDE\NUCLEO-F746ZG\SM_FT_VCS\STM32F746ZGTX_FLASH.ld" --specs=nosys.specs -Wl,-Map="SM_FT_VCS.map" -Wl,--gc-sections -static -L"C:\Users\Nihal\STM32Cube\Repository\Packs\ARM\CMSIS\5.7.0\CMSIS\DSP\Lib\GCC" --specs=nano.specs -mfpu=fpv5-sp-d16 -mfloat-abi=hard -mthumb -u _printf_float -u _scanf_float -Wl,--start-group -lc -lm -Wl,--end-group
Finished building target: SM_FT_VCS.elf
 
arm-none-eabi-size   SM_FT_VCS.elf 
arm-none-eabi-objdump -h -S  SM_FT_VCS.elf  > "SM_FT_VCS.list"
arm-none-eabi-objcopy  -O binary  SM_FT_VCS.elf  "SM_FT_VCS.bin"
   text	   data	    bss	    dec	    hex	filename
  53828	    580	   2364	  56772	   ddc4	SM_FT_VCS.elf
Finished building: default.size.stdout
 
Finished building: SM_FT_VCS.bin
 
Finished building: SM_FT_VCS.list
 
23:56:38 **** Incremental Build of configuration Debug for project SM_FT_VCS ****
make -j12 all 
arm-none-eabi-size   SM_FT_VCS.elf 
   text	   data	    bss	    dec	    hex	filename
  53828	    580	   2364	  56772	   ddc4	SM_FT_VCS.elf
Finished building: default.size.stdout
 
23:56:45 **** Incremental Build of configuration Debug for project SM_FT_VCS ****
make -j12 all 
arm-none-eabi-size   SM_FT_VCS.elf 
   text	   data	    bss	    dec	    hex	filename
  53828	    580	   2364	  56772	   ddc4	SM_FT_VCS.elf
Finished building: default.size.stdout
 
23:58:08 **** Incremental Build of configuration Debug for project SM_FT_VCS ****
make -j12 all 
arm-none-eabi-gcc "../Core/Src/main.c" -mcpu=cortex-m7 -std=gnu11 -g3 -DDEBUG -DUSE_HAL_DRIVER -DSTM32F746xx -c -I../Core/Inc -I../Drivers/STM32F7xx_HAL_Driver/Inc -I../Drivers/STM32F7xx_HAL_Driver/Inc/Legacy -I../Drivers/CMSIS/Device/ST/STM32F7xx/Include -I../Drivers/CMSIS/Include -I../Middlewares/Third_Party/ARM_CMSIS/CMSIS/Core/Include/ -I../Middlewares/Third_Party/ARM_CMSIS/CMSIS/Core_A/Include/ -I../Middlewares/Third_Party/ARM_CMSIS/CMSIS/DSP/Include -O0 -ffunction-sections -fdata-sections -Wall -fstack-usage -MMD -MP -MF"Core/Src/main.d" -MT"Core/Src/main.o" --specs=nano.specs -mfpu=fpv5-sp-d16 -mfloat-abi=hard -mthumb -o "Core/Src/main.o"
../Core/Src/main.c: In function 'main':
../Core/Src/main.c:153:4: warning: implicit declaration of function 'HCSRO4_Read' [-Wimplicit-function-declaration]
  153 |    HCSRO4_Read(&htim8);
      |    ^~~~~~~~~~~
../Core/Src/main.c:191:26: warning: format '%d' expects argument of type 'int', but argument 3 has type 'uint32_t' {aka 'long unsigned int'} [-Wformat=]
  191 |    sprintf(duty_print, "%d", duty_val);
      |                         ~^   ~~~~~~~~
      |                          |   |
      |                          int uint32_t {aka long unsigned int}
      |                         %ld
arm-none-eabi-gcc -o "SM_FT_VCS.elf" @"objects.list"  -larm_cortexM7lfsp_math -mcpu=cortex-m7 -T"C:\Users\Nihal\Documents\GitHub\MCU-based-Control-and-Measurement-System\STM32CubeIDE\NUCLEO-F746ZG\SM_FT_VCS\STM32F746ZGTX_FLASH.ld" --specs=nosys.specs -Wl,-Map="SM_FT_VCS.map" -Wl,--gc-sections -static -L"C:\Users\Nihal\STM32Cube\Repository\Packs\ARM\CMSIS\5.7.0\CMSIS\DSP\Lib\GCC" --specs=nano.specs -mfpu=fpv5-sp-d16 -mfloat-abi=hard -mthumb -u _printf_float -u _scanf_float -Wl,--start-group -lc -lm -Wl,--end-group
Finished building target: SM_FT_VCS.elf
 
arm-none-eabi-size   SM_FT_VCS.elf 
arm-none-eabi-objdump -h -S  SM_FT_VCS.elf  > "SM_FT_VCS.list"
arm-none-eabi-objcopy  -O binary  SM_FT_VCS.elf  "SM_FT_VCS.bin"
   text	   data	    bss	    dec	    hex	filename
  53828	    572	   2364	  56764	   ddbc	SM_FT_VCS.elf
Finished building: default.size.stdout
 
Finished building: SM_FT_VCS.bin
 
Finished building: SM_FT_VCS.list
 
23:58:19 **** Incremental Build of configuration Debug for project SM_FT_VCS ****
make -j12 all 
arm-none-eabi-size   SM_FT_VCS.elf 
   text	   data	    bss	    dec	    hex	filename
  53828	    572	   2364	  56764	   ddbc	SM_FT_VCS.elf
Finished building: default.size.stdout
 
23:59:18 **** Incremental Build of configuration Debug for project SM_FT_VCS ****
make -j12 all 
arm-none-eabi-gcc "../Core/Src/main.c" -mcpu=cortex-m7 -std=gnu11 -g3 -DDEBUG -DUSE_HAL_DRIVER -DSTM32F746xx -c -I../Core/Inc -I../Drivers/STM32F7xx_HAL_Driver/Inc -I../Drivers/STM32F7xx_HAL_Driver/Inc/Legacy -I../Drivers/CMSIS/Device/ST/STM32F7xx/Include -I../Drivers/CMSIS/Include -I../Middlewares/Third_Party/ARM_CMSIS/CMSIS/Core/Include/ -I../Middlewares/Third_Party/ARM_CMSIS/CMSIS/Core_A/Include/ -I../Middlewares/Third_Party/ARM_CMSIS/CMSIS/DSP/Include -O0 -ffunction-sections -fdata-sections -Wall -fstack-usage -MMD -MP -MF"Core/Src/main.d" -MT"Core/Src/main.o" --specs=nano.specs -mfpu=fpv5-sp-d16 -mfloat-abi=hard -mthumb -o "Core/Src/main.o"
../Core/Src/main.c: In function 'main':
../Core/Src/main.c:153:4: warning: implicit declaration of function 'HCSRO4_Read' [-Wimplicit-function-declaration]
  153 |    HCSRO4_Read(&htim8);
      |    ^~~~~~~~~~~
../Core/Src/main.c:191:26: warning: format '%d' expects argument of type 'int', but argument 3 has type 'uint32_t' {aka 'long unsigned int'} [-Wformat=]
  191 |    sprintf(duty_print, "%d", duty_val);
      |                         ~^   ~~~~~~~~
      |                          |   |
      |                          int uint32_t {aka long unsigned int}
      |                         %ld
arm-none-eabi-gcc -o "SM_FT_VCS.elf" @"objects.list"  -larm_cortexM7lfsp_math -mcpu=cortex-m7 -T"C:\Users\Nihal\Documents\GitHub\MCU-based-Control-and-Measurement-System\STM32CubeIDE\NUCLEO-F746ZG\SM_FT_VCS\STM32F746ZGTX_FLASH.ld" --specs=nosys.specs -Wl,-Map="SM_FT_VCS.map" -Wl,--gc-sections -static -L"C:\Users\Nihal\STM32Cube\Repository\Packs\ARM\CMSIS\5.7.0\CMSIS\DSP\Lib\GCC" --specs=nano.specs -mfpu=fpv5-sp-d16 -mfloat-abi=hard -mthumb -u _printf_float -u _scanf_float -Wl,--start-group -lc -lm -Wl,--end-group
Finished building target: SM_FT_VCS.elf
 
arm-none-eabi-size   SM_FT_VCS.elf 
arm-none-eabi-objdump -h -S  SM_FT_VCS.elf  > "SM_FT_VCS.list"
arm-none-eabi-objcopy  -O binary  SM_FT_VCS.elf  "SM_FT_VCS.bin"
   text	   data	    bss	    dec	    hex	filename
  53828	    572	   2364	  56764	   ddbc	SM_FT_VCS.elf
Finished building: default.size.stdout
 
Finished building: SM_FT_VCS.bin
 
Finished building: SM_FT_VCS.list
 
23:59:23 **** Incremental Build of configuration Debug for project SM_FT_VCS ****
make -j12 all 
arm-none-eabi-size   SM_FT_VCS.elf 
   text	   data	    bss	    dec	    hex	filename
  53828	    572	   2364	  56764	   ddbc	SM_FT_VCS.elf
Finished building: default.size.stdout
 
00:00:17 **** Incremental Build of configuration Debug for project SM_FT_VCS ****
make -j12 all 
arm-none-eabi-gcc "../Core/Src/main.c" -mcpu=cortex-m7 -std=gnu11 -g3 -DDEBUG -DUSE_HAL_DRIVER -DSTM32F746xx -c -I../Core/Inc -I../Drivers/STM32F7xx_HAL_Driver/Inc -I../Drivers/STM32F7xx_HAL_Driver/Inc/Legacy -I../Drivers/CMSIS/Device/ST/STM32F7xx/Include -I../Drivers/CMSIS/Include -I../Middlewares/Third_Party/ARM_CMSIS/CMSIS/Core/Include/ -I../Middlewares/Third_Party/ARM_CMSIS/CMSIS/Core_A/Include/ -I../Middlewares/Third_Party/ARM_CMSIS/CMSIS/DSP/Include -O0 -ffunction-sections -fdata-sections -Wall -fstack-usage -MMD -MP -MF"Core/Src/main.d" -MT"Core/Src/main.o" --specs=nano.specs -mfpu=fpv5-sp-d16 -mfloat-abi=hard -mthumb -o "Core/Src/main.o"
../Core/Src/main.c: In function 'main':
../Core/Src/main.c:153:4: warning: implicit declaration of function 'HCSRO4_Read' [-Wimplicit-function-declaration]
  153 |    HCSRO4_Read(&htim8);
      |    ^~~~~~~~~~~
../Core/Src/main.c:191:26: warning: format '%d' expects argument of type 'int', but argument 3 has type 'uint32_t' {aka 'long unsigned int'} [-Wformat=]
  191 |    sprintf(duty_print, "%d", duty_val);
      |                         ~^   ~~~~~~~~
      |                          |   |
      |                          int uint32_t {aka long unsigned int}
      |                         %ld
arm-none-eabi-gcc -o "SM_FT_VCS.elf" @"objects.list"  -larm_cortexM7lfsp_math -mcpu=cortex-m7 -T"C:\Users\Nihal\Documents\GitHub\MCU-based-Control-and-Measurement-System\STM32CubeIDE\NUCLEO-F746ZG\SM_FT_VCS\STM32F746ZGTX_FLASH.ld" --specs=nosys.specs -Wl,-Map="SM_FT_VCS.map" -Wl,--gc-sections -static -L"C:\Users\Nihal\STM32Cube\Repository\Packs\ARM\CMSIS\5.7.0\CMSIS\DSP\Lib\GCC" --specs=nano.specs -mfpu=fpv5-sp-d16 -mfloat-abi=hard -mthumb -u _printf_float -u _scanf_float -Wl,--start-group -lc -lm -Wl,--end-group
Finished building target: SM_FT_VCS.elf
 
arm-none-eabi-size   SM_FT_VCS.elf 
arm-none-eabi-objdump -h -S  SM_FT_VCS.elf  > "SM_FT_VCS.list"
arm-none-eabi-objcopy  -O binary  SM_FT_VCS.elf  "SM_FT_VCS.bin"
   text	   data	    bss	    dec	    hex	filename
  53828	    572	   2364	  56764	   ddbc	SM_FT_VCS.elf
Finished building: default.size.stdout
 
Finished building: SM_FT_VCS.bin
 
Finished building: SM_FT_VCS.list
 
00:01:07 **** Incremental Build of configuration Debug for project SM_FT_VCS ****
make -j12 all 
arm-none-eabi-gcc "../Core/Src/main.c" -mcpu=cortex-m7 -std=gnu11 -g3 -DDEBUG -DUSE_HAL_DRIVER -DSTM32F746xx -c -I../Core/Inc -I../Drivers/STM32F7xx_HAL_Driver/Inc -I../Drivers/STM32F7xx_HAL_Driver/Inc/Legacy -I../Drivers/CMSIS/Device/ST/STM32F7xx/Include -I../Drivers/CMSIS/Include -I../Middlewares/Third_Party/ARM_CMSIS/CMSIS/Core/Include/ -I../Middlewares/Third_Party/ARM_CMSIS/CMSIS/Core_A/Include/ -I../Middlewares/Third_Party/ARM_CMSIS/CMSIS/DSP/Include -O0 -ffunction-sections -fdata-sections -Wall -fstack-usage -MMD -MP -MF"Core/Src/main.d" -MT"Core/Src/main.o" --specs=nano.specs -mfpu=fpv5-sp-d16 -mfloat-abi=hard -mthumb -o "Core/Src/main.o"
../Core/Src/main.c: In function 'main':
../Core/Src/main.c:153:4: warning: implicit declaration of function 'HCSRO4_Read' [-Wimplicit-function-declaration]
  153 |    HCSRO4_Read(&htim8);
      |    ^~~~~~~~~~~
../Core/Src/main.c:191:26: warning: format '%d' expects argument of type 'int', but argument 3 has type 'uint32_t' {aka 'long unsigned int'} [-Wformat=]
  191 |    sprintf(duty_print, "%d", duty_val);
      |                         ~^   ~~~~~~~~
      |                          |   |
      |                          int uint32_t {aka long unsigned int}
      |                         %ld
arm-none-eabi-gcc -o "SM_FT_VCS.elf" @"objects.list"  -larm_cortexM7lfsp_math -mcpu=cortex-m7 -T"C:\Users\Nihal\Documents\GitHub\MCU-based-Control-and-Measurement-System\STM32CubeIDE\NUCLEO-F746ZG\SM_FT_VCS\STM32F746ZGTX_FLASH.ld" --specs=nosys.specs -Wl,-Map="SM_FT_VCS.map" -Wl,--gc-sections -static -L"C:\Users\Nihal\STM32Cube\Repository\Packs\ARM\CMSIS\5.7.0\CMSIS\DSP\Lib\GCC" --specs=nano.specs -mfpu=fpv5-sp-d16 -mfloat-abi=hard -mthumb -u _printf_float -u _scanf_float -Wl,--start-group -lc -lm -Wl,--end-group
Finished building target: SM_FT_VCS.elf
 
arm-none-eabi-size   SM_FT_VCS.elf 
arm-none-eabi-objdump -h -S  SM_FT_VCS.elf  > "SM_FT_VCS.list"
arm-none-eabi-objcopy  -O binary  SM_FT_VCS.elf  "SM_FT_VCS.bin"
   text	   data	    bss	    dec	    hex	filename
  53828	    572	   2364	  56764	   ddbc	SM_FT_VCS.elf
Finished building: default.size.stdout
 
Finished building: SM_FT_VCS.bin
 
Finished building: SM_FT_VCS.list
 
00:01:12 **** Incremental Build of configuration Debug for project SM_FT_VCS ****
make -j12 all 
arm-none-eabi-size   SM_FT_VCS.elf 
   text	   data	    bss	    dec	    hex	filename
  53828	    572	   2364	  56764	   ddbc	SM_FT_VCS.elf
Finished building: default.size.stdout
 
00:05:16 **** Incremental Build of configuration Debug for project SM_FT_VCS ****
make -j12 all 
arm-none-eabi-gcc "../Core/Src/main.c" -mcpu=cortex-m7 -std=gnu11 -g3 -DDEBUG -DUSE_HAL_DRIVER -DSTM32F746xx -c -I../Core/Inc -I../Drivers/STM32F7xx_HAL_Driver/Inc -I../Drivers/STM32F7xx_HAL_Driver/Inc/Legacy -I../Drivers/CMSIS/Device/ST/STM32F7xx/Include -I../Drivers/CMSIS/Include -I../Middlewares/Third_Party/ARM_CMSIS/CMSIS/Core/Include/ -I../Middlewares/Third_Party/ARM_CMSIS/CMSIS/Core_A/Include/ -I../Middlewares/Third_Party/ARM_CMSIS/CMSIS/DSP/Include -O0 -ffunction-sections -fdata-sections -Wall -fstack-usage -MMD -MP -MF"Core/Src/main.d" -MT"Core/Src/main.o" --specs=nano.specs -mfpu=fpv5-sp-d16 -mfloat-abi=hard -mthumb -o "Core/Src/main.o"
../Core/Src/main.c: In function 'main':
../Core/Src/main.c:153:4: warning: implicit declaration of function 'HCSRO4_Read' [-Wimplicit-function-declaration]
  153 |    HCSRO4_Read(&htim8);
      |    ^~~~~~~~~~~
../Core/Src/main.c:191:26: warning: format '%d' expects argument of type 'int', but argument 3 has type 'uint32_t' {aka 'long unsigned int'} [-Wformat=]
  191 |    sprintf(duty_print, "%d", duty_val);
      |                         ~^   ~~~~~~~~
      |                          |   |
      |                          int uint32_t {aka long unsigned int}
      |                         %ld
arm-none-eabi-gcc -o "SM_FT_VCS.elf" @"objects.list"  -larm_cortexM7lfsp_math -mcpu=cortex-m7 -T"C:\Users\Nihal\Documents\GitHub\MCU-based-Control-and-Measurement-System\STM32CubeIDE\NUCLEO-F746ZG\SM_FT_VCS\STM32F746ZGTX_FLASH.ld" --specs=nosys.specs -Wl,-Map="SM_FT_VCS.map" -Wl,--gc-sections -static -L"C:\Users\Nihal\STM32Cube\Repository\Packs\ARM\CMSIS\5.7.0\CMSIS\DSP\Lib\GCC" --specs=nano.specs -mfpu=fpv5-sp-d16 -mfloat-abi=hard -mthumb -u _printf_float -u _scanf_float -Wl,--start-group -lc -lm -Wl,--end-group
Finished building target: SM_FT_VCS.elf
 
arm-none-eabi-size   SM_FT_VCS.elf 
arm-none-eabi-objdump -h -S  SM_FT_VCS.elf  > "SM_FT_VCS.list"
arm-none-eabi-objcopy  -O binary  SM_FT_VCS.elf  "SM_FT_VCS.bin"
   text	   data	    bss	    dec	    hex	filename
  53828	    572	   2364	  56764	   ddbc	SM_FT_VCS.elf
Finished building: default.size.stdout
 
Finished building: SM_FT_VCS.bin
 
Finished building: SM_FT_VCS.list
 
00:05:24 **** Incremental Build of configuration Debug for project SM_FT_VCS ****
make -j12 all 
arm-none-eabi-size   SM_FT_VCS.elf 
   text	   data	    bss	    dec	    hex	filename
  53828	    572	   2364	  56764	   ddbc	SM_FT_VCS.elf
Finished building: default.size.stdout
 
00:06:34 **** Incremental Build of configuration Debug for project SM_FT_VCS ****
make -j12 all 
arm-none-eabi-gcc "../Core/Src/main.c" -mcpu=cortex-m7 -std=gnu11 -g3 -DDEBUG -DUSE_HAL_DRIVER -DSTM32F746xx -c -I../Core/Inc -I../Drivers/STM32F7xx_HAL_Driver/Inc -I../Drivers/STM32F7xx_HAL_Driver/Inc/Legacy -I../Drivers/CMSIS/Device/ST/STM32F7xx/Include -I../Drivers/CMSIS/Include -I../Middlewares/Third_Party/ARM_CMSIS/CMSIS/Core/Include/ -I../Middlewares/Third_Party/ARM_CMSIS/CMSIS/Core_A/Include/ -I../Middlewares/Third_Party/ARM_CMSIS/CMSIS/DSP/Include -O0 -ffunction-sections -fdata-sections -Wall -fstack-usage -MMD -MP -MF"Core/Src/main.d" -MT"Core/Src/main.o" --specs=nano.specs -mfpu=fpv5-sp-d16 -mfloat-abi=hard -mthumb -o "Core/Src/main.o"
../Core/Src/main.c: In function 'main':
../Core/Src/main.c:153:4: warning: implicit declaration of function 'HCSRO4_Read' [-Wimplicit-function-declaration]
  153 |    HCSRO4_Read(&htim8);
      |    ^~~~~~~~~~~
../Core/Src/main.c:191:26: warning: format '%d' expects argument of type 'int', but argument 3 has type 'uint32_t' {aka 'long unsigned int'} [-Wformat=]
  191 |    sprintf(duty_print, "%d", duty_val);
      |                         ~^   ~~~~~~~~
      |                          |   |
      |                          int uint32_t {aka long unsigned int}
      |                         %ld
arm-none-eabi-gcc -o "SM_FT_VCS.elf" @"objects.list"  -larm_cortexM7lfsp_math -mcpu=cortex-m7 -T"C:\Users\Nihal\Documents\GitHub\MCU-based-Control-and-Measurement-System\STM32CubeIDE\NUCLEO-F746ZG\SM_FT_VCS\STM32F746ZGTX_FLASH.ld" --specs=nosys.specs -Wl,-Map="SM_FT_VCS.map" -Wl,--gc-sections -static -L"C:\Users\Nihal\STM32Cube\Repository\Packs\ARM\CMSIS\5.7.0\CMSIS\DSP\Lib\GCC" --specs=nano.specs -mfpu=fpv5-sp-d16 -mfloat-abi=hard -mthumb -u _printf_float -u _scanf_float -Wl,--start-group -lc -lm -Wl,--end-group
Finished building target: SM_FT_VCS.elf
 
arm-none-eabi-size   SM_FT_VCS.elf 
arm-none-eabi-objdump -h -S  SM_FT_VCS.elf  > "SM_FT_VCS.list"
arm-none-eabi-objcopy  -O binary  SM_FT_VCS.elf  "SM_FT_VCS.bin"
   text	   data	    bss	    dec	    hex	filename
  53828	    572	   2364	  56764	   ddbc	SM_FT_VCS.elf
Finished building: default.size.stdout
 
Finished building: SM_FT_VCS.bin
 
Finished building: SM_FT_VCS.list
 
00:06:44 **** Incremental Build of configuration Debug for project SM_FT_VCS ****
make -j12 all 
arm-none-eabi-size   SM_FT_VCS.elf 
   text	   data	    bss	    dec	    hex	filename
  53828	    572	   2364	  56764	   ddbc	SM_FT_VCS.elf
Finished building: default.size.stdout
 
00:14:29 **** Incremental Build of configuration Debug for project SM_FT_VCS ****
make -j12 all 
arm-none-eabi-gcc "../Core/Src/main.c" -mcpu=cortex-m7 -std=gnu11 -g3 -DDEBUG -DUSE_HAL_DRIVER -DSTM32F746xx -c -I../Core/Inc -I../Drivers/STM32F7xx_HAL_Driver/Inc -I../Drivers/STM32F7xx_HAL_Driver/Inc/Legacy -I../Drivers/CMSIS/Device/ST/STM32F7xx/Include -I../Drivers/CMSIS/Include -I../Middlewares/Third_Party/ARM_CMSIS/CMSIS/Core/Include/ -I../Middlewares/Third_Party/ARM_CMSIS/CMSIS/Core_A/Include/ -I../Middlewares/Third_Party/ARM_CMSIS/CMSIS/DSP/Include -O0 -ffunction-sections -fdata-sections -Wall -fstack-usage -MMD -MP -MF"Core/Src/main.d" -MT"Core/Src/main.o" --specs=nano.specs -mfpu=fpv5-sp-d16 -mfloat-abi=hard -mthumb -o "Core/Src/main.o"
../Core/Src/main.c: In function 'main':
../Core/Src/main.c:153:4: warning: implicit declaration of function 'HCSRO4_Read' [-Wimplicit-function-declaration]
  153 |    HCSRO4_Read(&htim8);
      |    ^~~~~~~~~~~
../Core/Src/main.c:205:26: warning: format '%d' expects argument of type 'int', but argument 3 has type 'uint32_t' {aka 'long unsigned int'} [-Wformat=]
  205 |    sprintf(duty_print, "%d", duty_val);
      |                         ~^   ~~~~~~~~
      |                          |   |
      |                          int uint32_t {aka long unsigned int}
      |                         %ld
arm-none-eabi-gcc -o "SM_FT_VCS.elf" @"objects.list"  -larm_cortexM7lfsp_math -mcpu=cortex-m7 -T"C:\Users\Nihal\Documents\GitHub\MCU-based-Control-and-Measurement-System\STM32CubeIDE\NUCLEO-F746ZG\SM_FT_VCS\STM32F746ZGTX_FLASH.ld" --specs=nosys.specs -Wl,-Map="SM_FT_VCS.map" -Wl,--gc-sections -static -L"C:\Users\Nihal\STM32Cube\Repository\Packs\ARM\CMSIS\5.7.0\CMSIS\DSP\Lib\GCC" --specs=nano.specs -mfpu=fpv5-sp-d16 -mfloat-abi=hard -mthumb -u _printf_float -u _scanf_float -Wl,--start-group -lc -lm -Wl,--end-group
Finished building target: SM_FT_VCS.elf
 
arm-none-eabi-size   SM_FT_VCS.elf 
arm-none-eabi-objdump -h -S  SM_FT_VCS.elf  > "SM_FT_VCS.list"
arm-none-eabi-objcopy  -O binary  SM_FT_VCS.elf  "SM_FT_VCS.bin"
   text	   data	    bss	    dec	    hex	filename
  54132	    572	   2364	  57068	   deec	SM_FT_VCS.elf
Finished building: default.size.stdout
 
Finished building: SM_FT_VCS.bin
 
Finished building: SM_FT_VCS.list
 
00:14:33 **** Incremental Build of configuration Debug for project SM_FT_VCS ****
make -j12 all 
arm-none-eabi-size   SM_FT_VCS.elf 
   text	   data	    bss	    dec	    hex	filename
  54132	    572	   2364	  57068	   deec	SM_FT_VCS.elf
Finished building: default.size.stdout
 
00:14:41 **** Incremental Build of configuration Debug for project SM_FT_VCS ****
make -j12 all 
arm-none-eabi-size   SM_FT_VCS.elf 
   text	   data	    bss	    dec	    hex	filename
  54132	    572	   2364	  57068	   deec	SM_FT_VCS.elf
Finished building: default.size.stdout
 
00:15:29 **** Incremental Build of configuration Debug for project SM_FT_VCS ****
make -j12 all 
arm-none-eabi-gcc "../Core/Src/main.c" -mcpu=cortex-m7 -std=gnu11 -g3 -DDEBUG -DUSE_HAL_DRIVER -DSTM32F746xx -c -I../Core/Inc -I../Drivers/STM32F7xx_HAL_Driver/Inc -I../Drivers/STM32F7xx_HAL_Driver/Inc/Legacy -I../Drivers/CMSIS/Device/ST/STM32F7xx/Include -I../Drivers/CMSIS/Include -I../Middlewares/Third_Party/ARM_CMSIS/CMSIS/Core/Include/ -I../Middlewares/Third_Party/ARM_CMSIS/CMSIS/Core_A/Include/ -I../Middlewares/Third_Party/ARM_CMSIS/CMSIS/DSP/Include -O0 -ffunction-sections -fdata-sections -Wall -fstack-usage -MMD -MP -MF"Core/Src/main.d" -MT"Core/Src/main.o" --specs=nano.specs -mfpu=fpv5-sp-d16 -mfloat-abi=hard -mthumb -o "Core/Src/main.o"
../Core/Src/main.c: In function 'main':
../Core/Src/main.c:153:4: warning: implicit declaration of function 'HCSRO4_Read' [-Wimplicit-function-declaration]
  153 |    HCSRO4_Read(&htim8);
      |    ^~~~~~~~~~~
../Core/Src/main.c:205:26: warning: format '%d' expects argument of type 'int', but argument 3 has type 'uint32_t' {aka 'long unsigned int'} [-Wformat=]
  205 |    sprintf(duty_print, "%d", duty_val);
      |                         ~^   ~~~~~~~~
      |                          |   |
      |                          int uint32_t {aka long unsigned int}
      |                         %ld
arm-none-eabi-gcc -o "SM_FT_VCS.elf" @"objects.list"  -larm_cortexM7lfsp_math -mcpu=cortex-m7 -T"C:\Users\Nihal\Documents\GitHub\MCU-based-Control-and-Measurement-System\STM32CubeIDE\NUCLEO-F746ZG\SM_FT_VCS\STM32F746ZGTX_FLASH.ld" --specs=nosys.specs -Wl,-Map="SM_FT_VCS.map" -Wl,--gc-sections -static -L"C:\Users\Nihal\STM32Cube\Repository\Packs\ARM\CMSIS\5.7.0\CMSIS\DSP\Lib\GCC" --specs=nano.specs -mfpu=fpv5-sp-d16 -mfloat-abi=hard -mthumb -u _printf_float -u _scanf_float -Wl,--start-group -lc -lm -Wl,--end-group
Finished building target: SM_FT_VCS.elf
 
arm-none-eabi-size   SM_FT_VCS.elf 
arm-none-eabi-objdump -h -S  SM_FT_VCS.elf  > "SM_FT_VCS.list"
arm-none-eabi-objcopy  -O binary  SM_FT_VCS.elf  "SM_FT_VCS.bin"
   text	   data	    bss	    dec	    hex	filename
  54132	    572	   2364	  57068	   deec	SM_FT_VCS.elf
Finished building: default.size.stdout
 
Finished building: SM_FT_VCS.bin
 
Finished building: SM_FT_VCS.list
 
00:17:30 **** Incremental Build of configuration Debug for project SM_FT_VCS ****
make -j12 all 
arm-none-eabi-gcc "../Core/Src/main.c" -mcpu=cortex-m7 -std=gnu11 -g3 -DDEBUG -DUSE_HAL_DRIVER -DSTM32F746xx -c -I../Core/Inc -I../Drivers/STM32F7xx_HAL_Driver/Inc -I../Drivers/STM32F7xx_HAL_Driver/Inc/Legacy -I../Drivers/CMSIS/Device/ST/STM32F7xx/Include -I../Drivers/CMSIS/Include -I../Middlewares/Third_Party/ARM_CMSIS/CMSIS/Core/Include/ -I../Middlewares/Third_Party/ARM_CMSIS/CMSIS/Core_A/Include/ -I../Middlewares/Third_Party/ARM_CMSIS/CMSIS/DSP/Include -O0 -ffunction-sections -fdata-sections -Wall -fstack-usage -MMD -MP -MF"Core/Src/main.d" -MT"Core/Src/main.o" --specs=nano.specs -mfpu=fpv5-sp-d16 -mfloat-abi=hard -mthumb -o "Core/Src/main.o"
../Core/Src/main.c: In function 'main':
../Core/Src/main.c:153:4: warning: implicit declaration of function 'HCSRO4_Read' [-Wimplicit-function-declaration]
  153 |    HCSRO4_Read(&htim8);
      |    ^~~~~~~~~~~
../Core/Src/main.c:205:26: warning: format '%d' expects argument of type 'int', but argument 3 has type 'uint32_t' {aka 'long unsigned int'} [-Wformat=]
  205 |    sprintf(duty_print, "%d", duty_val);
      |                         ~^   ~~~~~~~~
      |                          |   |
      |                          int uint32_t {aka long unsigned int}
      |                         %ld
arm-none-eabi-gcc -o "SM_FT_VCS.elf" @"objects.list"  -larm_cortexM7lfsp_math -mcpu=cortex-m7 -T"C:\Users\Nihal\Documents\GitHub\MCU-based-Control-and-Measurement-System\STM32CubeIDE\NUCLEO-F746ZG\SM_FT_VCS\STM32F746ZGTX_FLASH.ld" --specs=nosys.specs -Wl,-Map="SM_FT_VCS.map" -Wl,--gc-sections -static -L"C:\Users\Nihal\STM32Cube\Repository\Packs\ARM\CMSIS\5.7.0\CMSIS\DSP\Lib\GCC" --specs=nano.specs -mfpu=fpv5-sp-d16 -mfloat-abi=hard -mthumb -u _printf_float -u _scanf_float -Wl,--start-group -lc -lm -Wl,--end-group
Finished building target: SM_FT_VCS.elf
 
arm-none-eabi-size   SM_FT_VCS.elf 
arm-none-eabi-objdump -h -S  SM_FT_VCS.elf  > "SM_FT_VCS.list"
arm-none-eabi-objcopy  -O binary  SM_FT_VCS.elf  "SM_FT_VCS.bin"
   text	   data	    bss	    dec	    hex	filename
  54132	    572	   2364	  57068	   deec	SM_FT_VCS.elf
Finished building: default.size.stdout
 
Finished building: SM_FT_VCS.bin
 
Finished building: SM_FT_VCS.list
 
00:17:35 **** Incremental Build of configuration Debug for project SM_FT_VCS ****
make -j12 all 
arm-none-eabi-size   SM_FT_VCS.elf 
   text	   data	    bss	    dec	    hex	filename
  54132	    572	   2364	  57068	   deec	SM_FT_VCS.elf
Finished building: default.size.stdout
 
00:26:26 **** Incremental Build of configuration Debug for project SM_FT_VCS ****
make -j12 all 
arm-none-eabi-gcc "../Core/Src/main.c" -mcpu=cortex-m7 -std=gnu11 -g3 -DDEBUG -DUSE_HAL_DRIVER -DSTM32F746xx -c -I../Core/Inc -I../Drivers/STM32F7xx_HAL_Driver/Inc -I../Drivers/STM32F7xx_HAL_Driver/Inc/Legacy -I../Drivers/CMSIS/Device/ST/STM32F7xx/Include -I../Drivers/CMSIS/Include -I../Middlewares/Third_Party/ARM_CMSIS/CMSIS/Core/Include/ -I../Middlewares/Third_Party/ARM_CMSIS/CMSIS/Core_A/Include/ -I../Middlewares/Third_Party/ARM_CMSIS/CMSIS/DSP/Include -O0 -ffunction-sections -fdata-sections -Wall -fstack-usage -MMD -MP -MF"Core/Src/main.d" -MT"Core/Src/main.o" --specs=nano.specs -mfpu=fpv5-sp-d16 -mfloat-abi=hard -mthumb -o "Core/Src/main.o"
../Core/Src/main.c: In function 'main':
../Core/Src/main.c:153:4: warning: implicit declaration of function 'HCSRO4_Read' [-Wimplicit-function-declaration]
  153 |    HCSRO4_Read(&htim8);
      |    ^~~~~~~~~~~
../Core/Src/main.c:205:26: warning: format '%d' expects argument of type 'int', but argument 3 has type 'uint32_t' {aka 'long unsigned int'} [-Wformat=]
  205 |    sprintf(duty_print, "%d", duty_val);
      |                         ~^   ~~~~~~~~
      |                          |   |
      |                          int uint32_t {aka long unsigned int}
      |                         %ld
arm-none-eabi-gcc -o "SM_FT_VCS.elf" @"objects.list"  -larm_cortexM7lfsp_math -mcpu=cortex-m7 -T"C:\Users\Nihal\Documents\GitHub\MCU-based-Control-and-Measurement-System\STM32CubeIDE\NUCLEO-F746ZG\SM_FT_VCS\STM32F746ZGTX_FLASH.ld" --specs=nosys.specs -Wl,-Map="SM_FT_VCS.map" -Wl,--gc-sections -static -L"C:\Users\Nihal\STM32Cube\Repository\Packs\ARM\CMSIS\5.7.0\CMSIS\DSP\Lib\GCC" --specs=nano.specs -mfpu=fpv5-sp-d16 -mfloat-abi=hard -mthumb -u _printf_float -u _scanf_float -Wl,--start-group -lc -lm -Wl,--end-group
Finished building target: SM_FT_VCS.elf
 
arm-none-eabi-size   SM_FT_VCS.elf 
arm-none-eabi-objdump -h -S  SM_FT_VCS.elf  > "SM_FT_VCS.list"
arm-none-eabi-objcopy  -O binary  SM_FT_VCS.elf  "SM_FT_VCS.bin"
   text	   data	    bss	    dec	    hex	filename
  54164	    572	   2364	  57100	   df0c	SM_FT_VCS.elf
Finished building: default.size.stdout
 
Finished building: SM_FT_VCS.bin
 
Finished building: SM_FT_VCS.list
 
00:26:35 **** Incremental Build of configuration Debug for project SM_FT_VCS ****
make -j12 all 
arm-none-eabi-size   SM_FT_VCS.elf 
   text	   data	    bss	    dec	    hex	filename
  54164	    572	   2364	  57100	   df0c	SM_FT_VCS.elf
Finished building: default.size.stdout
 
